Going to read training images
0
Now going to read person_images files (Index: 0)
1
Now going to read car_images files (Index: 1)
2
Now going to read bus_images files (Index: 2)
Person files read in:  1761
Car files read in:  4878
Car:  801
Person:  286
Bus:  7
Going to read training images
0
Now going to read person_images files (Index: 0)
1
Now going to read car_images files (Index: 1)
2
Now going to read bus_images files (Index: 2)
Person files read in:  293
Car files read in:  588
Car:  98
Person:  45
Bus:  2
Going to read training images
0
Now going to read person_images files (Index: 0)
1
Now going to read car_images files (Index: 1)
2
Now going to read bus_images files (Index: 2)
Person files read in:  1761
Car files read in:  4878
Car:  801
Person:  286
Bus:  7
Going to read training images
0
Now going to read person_images files (Index: 0)
1
Now going to read car_images files (Index: 1)
2
Now going to read bus_images files (Index: 2)
Person files read in:  198
Car files read in:  534
Car:  89
Person:  33
Bus:  1
Complete reading input data. Will Now print a snippet of it
Number of files in Training-set:		1094
Number of files in Validation-set:	145
(?, 1, 32, 32, 3)
[<tf.Tensor 'split:0' shape=(?, 1, 32, 32, 3) dtype=float32>, <tf.Tensor 'split:1' shape=(?, 1, 32, 32, 3) dtype=float32>, <tf.Tensor 'split:2' shape=(?, 1, 32, 32, 3) dtype=float32>, <tf.Tensor 'split:3' shape=(?, 1, 32, 32, 3) dtype=float32>, <tf.Tensor 'split:4' shape=(?, 1, 32, 32, 3) dtype=float32>, <tf.Tensor 'split:5' shape=(?, 1, 32, 32, 3) dtype=float32>]
(?, 32)
(?, 3)
[(0.537931, 0.52, 0.73239434), (0.4796748, 0.45555556, 0.73214287)] [0.0, 0.0, 0.0, 0.0, 0.0, 0.0, 0.0, 0.0]
5.879999999999998e-05
[(0.5241379, 0.55, 0.71428573), (0.5121951, 0.47777778, 0.7818182)] [0.0, 0.0, 0.0, 0.0, 0.0, 0.0, 0.0, 1.0]
8.819999999999996e-05
[(0.49655172, 0.51, 0.69863015), (0.4715447, 0.43333334, 0.75)] [0.0, 0.0, 0.0, 0.0, 0.0, 0.0, 1.0, 0.0]
8.819999999999996e-05
[(0.50344825, 0.51, 0.6891892), (0.50406504, 0.47777778, 0.75438595)] [0.0, 0.0, 0.0, 0.0, 0.0, 0.0, 1.0, 1.0]
0.00013229999999999994
[(0.5862069, 0.62, 0.74698794), (0.4878049, 0.53333336, 0.7058824)] [0.0, 0.0, 0.0, 0.0, 0.0, 1.0, 0.0, 0.0]
0.00010919999999999997
[(0.5103448, 0.52, 0.7027027), (0.45528457, 0.47777778, 0.6935484)] [0.0, 0.0, 0.0, 0.0, 0.0, 1.0, 0.0, 1.0]
0.00016379999999999994
[(0.47586206, 0.52, 0.65), (0.49593496, 0.4888889, 0.7457627)] [0.0, 0.0, 0.0, 0.0, 0.0, 1.0, 1.0, 0.0]
0.00016379999999999994
[(0.5241379, 0.45, 0.7758621), (0.55284554, 0.5555556, 0.7692308)] [0.0, 0.0, 0.0, 0.0, 0.0, 1.0, 1.0, 1.0]
0.0002456999999999999
[(0.537931, 0.51, 0.75), (0.45528457, 0.46666667, 0.6885246)] [0.0, 0.0, 0.0, 0.0, 1.0, 0.0, 0.0, 0.0]
0.00010919999999999997
[(0.46896553, 0.44, 0.6875), (0.5121951, 0.54444444, 0.73134327)] [0.0, 0.0, 0.0, 0.0, 1.0, 0.0, 0.0, 1.0]
0.00016379999999999994
[(0.47586206, 0.48, 0.6760563), (0.398374, 0.44444445, 0.63492066)] [0.0, 0.0, 0.0, 0.0, 1.0, 0.0, 1.0, 0.0]
0.00016379999999999994
[(0.44827586, 0.39, 0.67241377), (0.4715447, 0.5, 0.703125)] [0.0, 0.0, 0.0, 0.0, 1.0, 0.0, 1.0, 1.0]
0.0002456999999999999
[(0.50344825, 0.53, 0.6883117), (0.4796748, 0.45555556, 0.74545455)] [0.0, 0.0, 0.0, 0.0, 1.0, 1.0, 0.0, 0.0]
0.00020279999999999994
[(0.43448275, 0.46, 0.63013697), (0.50406504, 0.5222222, 0.734375)] [0.0, 0.0, 0.0, 0.0, 1.0, 1.0, 0.0, 1.0]
0.0003041999999999999
[(0.53103447, 0.54, 0.72), (0.4715447, 0.47777778, 0.71666664)] [0.0, 0.0, 0.0, 0.0, 1.0, 1.0, 1.0, 0.0]
0.0003041999999999999
[(0.48965517, 0.49, 0.69014084), (0.5365854, 0.56666666, 0.73913044)] [0.0, 0.0, 0.0, 0.0, 1.0, 1.0, 1.0, 1.0]
0.00045629999999999976
[(0.537931, 0.52, 0.7536232), (0.4878049, 0.5, 0.71428573)] [0.0, 0.0, 0.0, 1.0, 0.0, 0.0, 0.0, 0.0]
0.00013719999999999992
[(0.5103448, 0.56, 0.68292683), (0.50406504, 0.5, 0.75)] [0.0, 0.0, 0.0, 1.0, 0.0, 0.0, 0.0, 1.0]
0.00020579999999999985
[(0.45517242, 0.4, 0.6779661), (0.4715447, 0.45555556, 0.73214287)] [0.0, 0.0, 0.0, 1.0, 0.0, 0.0, 1.0, 0.0]
0.00020579999999999983
[(0.53103447, 0.54, 0.72), (0.49593496, 0.54444444, 0.71014494)] [0.0, 0.0, 0.0, 1.0, 0.0, 0.0, 1.0, 1.0]
0.0003086999999999997
[(0.48965517, 0.5, 0.6756757), (0.5365854, 0.54444444, 0.765625)] [0.0, 0.0, 0.0, 1.0, 0.0, 1.0, 0.0, 0.0]
0.00025479999999999985
[(0.46896553, 0.5, 0.64935064), (0.4715447, 0.5, 0.703125)] [0.0, 0.0, 0.0, 1.0, 0.0, 1.0, 0.0, 1.0]
0.0003821999999999997
[(0.46896553, 0.4, 0.72727275), (0.55284554, 0.56666666, 0.77272725)] [0.0, 0.0, 0.0, 1.0, 0.0, 1.0, 1.0, 0.0]
0.00038219999999999975
[(0.5586207, 0.5, 0.78125), (0.5121951, 0.5222222, 0.74603176)] [0.0, 0.0, 0.0, 1.0, 0.0, 1.0, 1.0, 1.0]
0.0005732999999999996
[(0.45517242, 0.52, 0.63414633), (0.4796748, 0.4888889, 0.72131145)] [0.0, 0.0, 0.0, 1.0, 1.0, 0.0, 0.0, 0.0]
0.00025479999999999985
[(0.5724138, 0.61, 0.73493975), (0.4796748, 0.47777778, 0.71666664)] [0.0, 0.0, 0.0, 1.0, 1.0, 0.0, 0.0, 1.0]
0.0003821999999999998
[(0.4275862, 0.41, 0.6507937), (0.44715446, 0.44444445, 0.7017544)] [0.0, 0.0, 0.0, 1.0, 1.0, 0.0, 1.0, 0.0]
0.0003821999999999998
[(0.5103448, 0.51, 0.7083333), (0.5609756, 0.5555556, 0.7936508)] [0.0, 0.0, 0.0, 1.0, 1.0, 0.0, 1.0, 1.0]
0.0005732999999999997
[(0.43448275, 0.51, 0.61445785), (0.43089432, 0.45555556, 0.6721311)] [0.0, 0.0, 0.0, 1.0, 1.0, 1.0, 0.0, 0.0]
0.00047319999999999985
[(0.53103447, 0.55, 0.71428573), (0.5203252, 0.53333336, 0.75)] [0.0, 0.0, 0.0, 1.0, 1.0, 1.0, 0.0, 1.0]
0.0007097999999999997
[(0.53103447, 0.51, 0.73913044), (0.50406504, 0.47777778, 0.76785713)] [0.0, 0.0, 0.0, 1.0, 1.0, 1.0, 1.0, 0.0]
0.0007097999999999997
[(0.49655172, 0.51, 0.68), (0.4715447, 0.41111112, 0.7708333)] [0.0, 0.0, 0.0, 1.0, 1.0, 1.0, 1.0, 1.0]
0.0010646999999999994
[(0.5103448, 0.51, 0.7083333), (0.52845526, 0.54444444, 0.74242425)] [0.0, 0.0, 1.0, 0.0, 0.0, 0.0, 0.0, 0.0]
0.00017639999999999995
[(0.45517242, 0.49, 0.6363636), (0.54471546, 0.5555556, 0.75757575)] [0.0, 0.0, 1.0, 0.0, 0.0, 0.0, 0.0, 1.0]
0.00026459999999999987
[(0.42068964, 0.43, 0.6231884), (0.43089432, 0.44444445, 0.6779661)] [0.0, 0.0, 1.0, 0.0, 0.0, 0.0, 1.0, 0.0]
0.00026459999999999987
[(0.46206897, 0.44, 0.6875), (0.42276424, 0.3888889, 0.6862745)] [0.0, 0.0, 1.0, 0.0, 0.0, 0.0, 1.0, 1.0]
0.0003968999999999998
[(0.5241379, 0.55, 0.7051282), (0.54471546, 0.51111114, 0.80701756)] [0.0, 0.0, 1.0, 0.0, 0.0, 1.0, 0.0, 0.0]
0.00032759999999999994
[(0.45517242, 0.46, 0.6666667), (0.5365854, 0.6111111, 0.7236842)] [0.0, 0.0, 1.0, 0.0, 0.0, 1.0, 0.0, 1.0]
0.0004913999999999999
[(0.49655172, 0.49, 0.7), (0.5121951, 0.54444444, 0.7205882)] [0.0, 0.0, 1.0, 0.0, 0.0, 1.0, 1.0, 0.0]
0.0004913999999999998
[(0.4413793, 0.42, 0.65625), (0.4796748, 0.51111114, 0.7076923)] [0.0, 0.0, 1.0, 0.0, 0.0, 1.0, 1.0, 1.0]
0.0007370999999999998
[(0.5103448, 0.47, 0.734375), (0.52845526, 0.54444444, 0.74242425)] [0.0, 0.0, 1.0, 0.0, 1.0, 0.0, 0.0, 0.0]
0.00032759999999999994
[(0.45517242, 0.43, 0.6615385), (0.398374, 0.36666667, 0.66)] [0.0, 0.0, 1.0, 0.0, 1.0, 0.0, 0.0, 1.0]
0.0004913999999999999
[(0.5724138, 0.61, 0.74390244), (0.57723576, 0.5555556, 0.8196721)] [0.0, 0.0, 1.0, 0.0, 1.0, 0.0, 1.0, 0.0]
0.0004913999999999998
[(0.43448275, 0.47, 0.62666667), (0.46341464, 0.44444445, 0.71428573)] [0.0, 0.0, 1.0, 0.0, 1.0, 0.0, 1.0, 1.0]
0.0007370999999999998
[(0.51724136, 0.53, 0.70666665), (0.52845526, 0.5222222, 0.7580645)] [0.0, 0.0, 1.0, 0.0, 1.0, 1.0, 0.0, 0.0]
0.0006083999999999999
[(0.46206897, 0.49, 0.6621622), (0.41463414, 0.42222223, 0.6666667)] [0.0, 0.0, 1.0, 0.0, 1.0, 1.0, 0.0, 1.0]
0.0009125999999999998
[(0.49655172, 0.53, 0.67948717), (0.58536583, 0.5777778, 0.8)] [0.0, 0.0, 1.0, 0.0, 1.0, 1.0, 1.0, 0.0]
0.0009125999999999997
[(0.46896553, 0.48, 0.6666667), (0.50406504, 0.51111114, 0.7419355)] [0.0, 0.0, 1.0, 0.0, 1.0, 1.0, 1.0, 1.0]
0.0013688999999999995
[(0.50344825, 0.53, 0.69736844), (0.49593496, 0.51111114, 0.73015875)] [0.0, 0.0, 1.0, 1.0, 0.0, 0.0, 0.0, 0.0]
0.00041159999999999976
[(0.47586206, 0.47, 0.68115944), (0.43089432, 0.4, 0.6923077)] [0.0, 0.0, 1.0, 1.0, 0.0, 0.0, 0.0, 1.0]
0.0006173999999999996
[(0.46206897, 0.51, 0.6455696), (0.4796748, 0.42222223, 0.76)] [0.0, 0.0, 1.0, 1.0, 0.0, 0.0, 1.0, 0.0]
0.0006173999999999997
[(0.5103448, 0.49, 0.73134327), (0.57723576, 0.56666666, 0.796875)] [0.0, 0.0, 1.0, 1.0, 0.0, 0.0, 1.0, 1.0]
0.0009260999999999994
[(0.49655172, 0.49, 0.7), (0.49593496, 0.51111114, 0.73015875)] [0.0, 0.0, 1.0, 1.0, 0.0, 1.0, 0.0, 0.0]
0.0007643999999999996
[(0.5448276, 0.55, 0.73333335), (0.5121951, 0.54444444, 0.73134327)] [0.0, 0.0, 1.0, 1.0, 0.0, 1.0, 0.0, 1.0]
0.0011465999999999994
[(0.47586206, 0.54, 0.6585366), (0.4796748, 0.42222223, 0.76)] [0.0, 0.0, 1.0, 1.0, 0.0, 1.0, 1.0, 0.0]
0.0011465999999999991
[(0.4827586, 0.51, 0.68), (0.5121951, 0.51111114, 0.75409836)] [0.0, 0.0, 1.0, 1.0, 0.0, 1.0, 1.0, 1.0]
0.0017198999999999988
[(0.47586206, 0.45, 0.703125), (0.41463414, 0.42222223, 0.6551724)] [0.0, 0.0, 1.0, 1.0, 1.0, 0.0, 0.0, 0.0]
0.0007643999999999996
[(0.5586207, 0.51, 0.7846154), (0.5365854, 0.54444444, 0.765625)] [0.0, 0.0, 1.0, 1.0, 1.0, 0.0, 0.0, 1.0]
0.0011465999999999994
[(0.44827586, 0.45, 0.64285713), (0.49593496, 0.5, 0.7258065)] [0.0, 0.0, 1.0, 1.0, 1.0, 0.0, 1.0, 0.0]
0.0011465999999999991
[(0.5448276, 0.6, 0.71428573), (0.43089432, 0.4, 0.6923077)] [0.0, 0.0, 1.0, 1.0, 1.0, 0.0, 1.0, 1.0]
0.0017198999999999988
[(0.5241379, 0.54, 0.72), (0.5203252, 0.51111114, 0.76666665)] [0.0, 0.0, 1.0, 1.0, 1.0, 1.0, 0.0, 0.0]
0.0014195999999999994
[(0.46896553, 0.47, 0.6619718), (0.52845526, 0.54444444, 0.75384617)] [0.0, 0.0, 1.0, 1.0, 1.0, 1.0, 0.0, 1.0]
0.0021293999999999987
[(0.44827586, 0.46, 0.6388889), (0.46341464, 0.44444445, 0.71428573)] [0.0, 0.0, 1.0, 1.0, 1.0, 1.0, 1.0, 0.0]
0.0021293999999999987
[(0.46206897, 0.44, 0.6666667), (0.4796748, 0.44444445, 0.7407407)] [0.0, 0.0, 1.0, 1.0, 1.0, 1.0, 1.0, 1.0]
0.003194099999999998
[(0.4827586, 0.48, 0.6857143), (0.5365854, 0.4888889, 0.8)] [0.0, 1.0, 0.0, 0.0, 0.0, 0.0, 0.0, 0.0]
0.0002352
[(0.8413793, 0.96, 0.8347826), (0.8780488, 0.98888886, 0.8640777)] [0.0, 1.0, 0.0, 0.0, 0.0, 0.0, 0.0, 1.0]
0.00035279999999999996
[(0.8206897, 0.76, 0.987013), (0.88617885, 0.84444445, 1.0)] [0.0, 1.0, 0.0, 0.0, 0.0, 0.0, 1.0, 0.0]
0.0003527999999999999
[(0.9310345, 0.9, 1.0), (0.9430894, 0.9222222, 1.0)] [0.0, 1.0, 0.0, 0.0, 0.0, 0.0, 1.0, 1.0]
0.0005291999999999999
[(0.8344827, 0.96, 0.8347826), (0.8699187, 1.0, 0.85714287)] [0.0, 1.0, 0.0, 0.0, 0.0, 1.0, 0.0, 0.0]
0.0004368
[(0.91034484, 0.97, 0.9150943), (0.9512195, 0.98888886, 0.9468085)] [0.0, 1.0, 0.0, 0.0, 0.0, 1.0, 0.0, 1.0]
0.0006551999999999999
[(0.92413795, 0.9, 1.0), (0.9593496, 0.95555556, 1.0)] [0.0, 1.0, 0.0, 0.0, 0.0, 1.0, 1.0, 0.0]
0.0006552
[(0.9517241, 0.93, 1.0), (0.98373985, 0.9777778, 1.0)] [0.0, 1.0, 0.0, 0.0, 0.0, 1.0, 1.0, 1.0]
0.0009827999999999998
[(0.46206897, 0.5, 0.64102566), (0.52845526, 0.56666666, 0.73913044)] [0.0, 1.0, 0.0, 0.0, 1.0, 0.0, 0.0, 0.0]
0.00043680000000000005
[(0.8413793, 0.96, 0.8347826), (0.8780488, 0.98888886, 0.8640777)] [0.0, 1.0, 0.0, 0.0, 1.0, 0.0, 0.0, 1.0]
0.0006552
[(0.8206897, 0.76, 0.987013), (0.88617885, 0.84444445, 1.0)] [0.0, 1.0, 0.0, 0.0, 1.0, 0.0, 1.0, 0.0]
0.0006552000000000001
[(0.9310345, 0.9, 1.0), (0.9430894, 0.9222222, 1.0)] [0.0, 1.0, 0.0, 0.0, 1.0, 0.0, 1.0, 1.0]
0.0009828
[(0.8344827, 0.96, 0.8347826), (0.8699187, 1.0, 0.85714287)] [0.0, 1.0, 0.0, 0.0, 1.0, 1.0, 0.0, 0.0]
0.0008112000000000002
[(0.91034484, 0.97, 0.9150943), (0.9512195, 0.98888886, 0.9468085)] [0.0, 1.0, 0.0, 0.0, 1.0, 1.0, 0.0, 1.0]
0.0012168
[(0.92413795, 0.9, 1.0), (0.9593496, 0.95555556, 1.0)] [0.0, 1.0, 0.0, 0.0, 1.0, 1.0, 1.0, 0.0]
0.0012168000000000003
[(0.9517241, 0.93, 1.0), (0.98373985, 0.9777778, 1.0)] [0.0, 1.0, 0.0, 0.0, 1.0, 1.0, 1.0, 1.0]
0.0018252000000000001
[(0.51724136, 0.51, 0.7183099), (0.50406504, 0.4888889, 0.7586207)] [0.0, 1.0, 0.0, 1.0, 0.0, 0.0, 0.0, 0.0]
0.0005487999999999999
[(0.8413793, 0.96, 0.8347826), (0.8780488, 0.98888886, 0.8640777)] [0.0, 1.0, 0.0, 1.0, 0.0, 0.0, 0.0, 1.0]
0.0008231999999999998
[(0.92413795, 0.99, 0.92523366), (0.9268293, 0.98888886, 0.9270833)] [0.0, 1.0, 0.0, 1.0, 0.0, 0.0, 1.0, 0.0]
0.0008231999999999998
[(0.9724138, 0.97, 0.9897959), (0.9593496, 0.98888886, 0.9569892)] [0.0, 1.0, 0.0, 1.0, 0.0, 0.0, 1.0, 1.0]
0.0012347999999999997
[(0.84827584, 0.98, 0.83760685), (0.86178863, 1.0, 0.8490566)] [0.0, 1.0, 0.0, 1.0, 0.0, 1.0, 0.0, 0.0]
0.0010192
[(0.91034484, 0.98, 0.9074074), (0.9430894, 0.98888886, 0.9368421)] [0.0, 1.0, 0.0, 1.0, 0.0, 1.0, 0.0, 1.0]
0.0015287999999999999
[(0.9517241, 0.98, 0.9607843), (0.9430894, 0.98888886, 0.9468085)] [0.0, 1.0, 0.0, 1.0, 0.0, 1.0, 1.0, 0.0]
0.0015287999999999996
[(0.97931033, 0.97, 1.0), (0.96747965, 0.98888886, 0.9673913)] [0.0, 1.0, 0.0, 1.0, 0.0, 1.0, 1.0, 1.0]
0.002293199999999999
[(0.537931, 0.52, 0.7536232), (0.58536583, 0.54444444, 0.8305085)] [0.0, 1.0, 0.0, 1.0, 1.0, 0.0, 0.0, 0.0]
0.0010192
[(0.8413793, 0.96, 0.8347826), (0.8780488, 0.98888886, 0.8640777)] [0.0, 1.0, 0.0, 1.0, 1.0, 0.0, 0.0, 1.0]
0.0015287999999999999
[(0.92413795, 0.99, 0.92523366), (0.9268293, 0.98888886, 0.9270833)] [0.0, 1.0, 0.0, 1.0, 1.0, 0.0, 1.0, 0.0]
0.0015287999999999996
[(0.9724138, 0.97, 0.9897959), (0.9593496, 0.98888886, 0.9569892)] [0.0, 1.0, 0.0, 1.0, 1.0, 0.0, 1.0, 1.0]
0.002293199999999999
[(0.84827584, 0.98, 0.83760685), (0.86178863, 1.0, 0.8490566)] [0.0, 1.0, 0.0, 1.0, 1.0, 1.0, 0.0, 0.0]
0.0018928
[(0.91034484, 0.98, 0.9074074), (0.9430894, 0.98888886, 0.9368421)] [0.0, 1.0, 0.0, 1.0, 1.0, 1.0, 0.0, 1.0]
0.0028392
[(0.9517241, 0.98, 0.9607843), (0.9430894, 0.98888886, 0.9468085)] [0.0, 1.0, 0.0, 1.0, 1.0, 1.0, 1.0, 0.0]
0.0028391999999999996
[(0.97931033, 0.97, 1.0), (0.96747965, 0.98888886, 0.9673913)] [0.0, 1.0, 0.0, 1.0, 1.0, 1.0, 1.0, 1.0]
0.004258799999999999
[(0.5103448, 0.48, 0.72727275), (0.45528457, 0.47777778, 0.6825397)] [0.0, 1.0, 1.0, 0.0, 0.0, 0.0, 0.0, 0.0]
0.0007055999999999999
[(0.8413793, 0.96, 0.8347826), (0.8780488, 0.98888886, 0.8640777)] [0.0, 1.0, 1.0, 0.0, 0.0, 0.0, 0.0, 1.0]
0.0010583999999999997
[(0.8206897, 0.76, 0.987013), (0.88617885, 0.84444445, 1.0)] [0.0, 1.0, 1.0, 0.0, 0.0, 0.0, 1.0, 0.0]
0.0010584
[(0.9310345, 0.9, 1.0), (0.9430894, 0.9222222, 1.0)] [0.0, 1.0, 1.0, 0.0, 0.0, 0.0, 1.0, 1.0]
0.0015875999999999996
[(0.8344827, 0.96, 0.8347826), (0.8699187, 1.0, 0.85714287)] [0.0, 1.0, 1.0, 0.0, 0.0, 1.0, 0.0, 0.0]
0.0013104
[(0.91034484, 0.97, 0.9150943), (0.9512195, 0.98888886, 0.9468085)] [0.0, 1.0, 1.0, 0.0, 0.0, 1.0, 0.0, 1.0]
0.0019655999999999996
[(0.92413795, 0.9, 1.0), (0.9593496, 0.95555556, 1.0)] [0.0, 1.0, 1.0, 0.0, 0.0, 1.0, 1.0, 0.0]
0.0019655999999999996
[(0.9517241, 0.93, 1.0), (0.98373985, 0.9777778, 1.0)] [0.0, 1.0, 1.0, 0.0, 0.0, 1.0, 1.0, 1.0]
0.0029483999999999995
[(0.8689655, 0.83, 0.9764706), (0.8780488, 0.84444445, 0.987013)] [0.0, 1.0, 1.0, 0.0, 1.0, 0.0, 0.0, 0.0]
0.0013104
[(0.92413795, 0.9, 0.989011), (0.9430894, 0.9222222, 1.0)] [0.0, 1.0, 1.0, 0.0, 1.0, 0.0, 0.0, 1.0]
0.0019655999999999996
[(0.97931033, 0.97, 1.0), (0.9593496, 0.9444444, 1.0)] [0.0, 1.0, 1.0, 0.0, 1.0, 0.0, 1.0, 0.0]
0.0019655999999999996
[(0.97931033, 0.97, 1.0), (0.98373985, 0.9777778, 1.0)] [0.0, 1.0, 1.0, 0.0, 1.0, 0.0, 1.0, 1.0]
0.0029483999999999995
[(0.94482756, 0.94, 0.9791667), (0.93495935, 0.9111111, 1.0)] [0.0, 1.0, 1.0, 0.0, 1.0, 1.0, 0.0, 0.0]
0.0024336000000000006
[(0.9724138, 0.97, 0.9897959), (0.9756098, 0.96666664, 1.0)] [0.0, 1.0, 1.0, 0.0, 1.0, 1.0, 0.0, 1.0]
0.0036504000000000003
[(0.97931033, 0.97, 1.0), (0.96747965, 0.95555556, 1.0)] [0.0, 1.0, 1.0, 0.0, 1.0, 1.0, 1.0, 0.0]
0.0036504000000000003
[(0.97931033, 0.97, 1.0), (0.98373985, 0.9777778, 1.0)] [0.0, 1.0, 1.0, 0.0, 1.0, 1.0, 1.0, 1.0]
0.0054756
[(0.46206897, 0.46, 0.6571429), (0.4715447, 0.45555556, 0.71929824)] [0.0, 1.0, 1.0, 1.0, 0.0, 0.0, 0.0, 0.0]
0.0016463999999999993
[(0.8413793, 0.96, 0.8347826), (0.8780488, 0.98888886, 0.8640777)] [0.0, 1.0, 1.0, 1.0, 0.0, 0.0, 0.0, 1.0]
0.002469599999999999
[(0.92413795, 0.99, 0.92523366), (0.9268293, 0.98888886, 0.9270833)] [0.0, 1.0, 1.0, 1.0, 0.0, 0.0, 1.0, 0.0]
0.002469599999999999
[(0.9724138, 0.97, 0.9897959), (0.9593496, 0.98888886, 0.9569892)] [0.0, 1.0, 1.0, 1.0, 0.0, 0.0, 1.0, 1.0]
0.0037043999999999983
[(0.84827584, 0.98, 0.83760685), (0.86178863, 1.0, 0.8490566)] [0.0, 1.0, 1.0, 1.0, 0.0, 1.0, 0.0, 0.0]
0.003057599999999999
[(0.91034484, 0.98, 0.9074074), (0.9430894, 0.98888886, 0.9368421)] [0.0, 1.0, 1.0, 1.0, 0.0, 1.0, 0.0, 1.0]
0.004586399999999998
[(0.9517241, 0.98, 0.9607843), (0.9430894, 0.98888886, 0.9468085)] [0.0, 1.0, 1.0, 1.0, 0.0, 1.0, 1.0, 0.0]
0.004586399999999998
[(0.97931033, 0.97, 1.0), (0.96747965, 0.98888886, 0.9673913)] [0.0, 1.0, 1.0, 1.0, 0.0, 1.0, 1.0, 1.0]
0.006879599999999997
[(0.8689655, 0.83, 0.9764706), (0.8780488, 0.84444445, 0.987013)] [0.0, 1.0, 1.0, 1.0, 1.0, 0.0, 0.0, 0.0]
0.0030575999999999993
[(0.93793106, 0.97, 0.94174755), (0.9512195, 0.98888886, 0.9468085)] [0.0, 1.0, 1.0, 1.0, 1.0, 0.0, 0.0, 1.0]
0.004586399999999998
[(0.97931033, 0.98, 1.0), (0.9593496, 0.9444444, 1.0)] [0.0, 1.0, 1.0, 1.0, 1.0, 0.0, 1.0, 0.0]
0.004586399999999999
[(0.97931033, 0.97, 1.0), (0.98373985, 0.9777778, 1.0)] [0.0, 1.0, 1.0, 1.0, 1.0, 0.0, 1.0, 1.0]
0.006879599999999998
[(0.9310345, 0.98, 0.93333334), (0.9593496, 1.0, 0.9574468)] [0.0, 1.0, 1.0, 1.0, 1.0, 1.0, 0.0, 0.0]
0.0056784
[(0.95862067, 0.99, 0.9611651), (0.98373985, 0.98888886, 0.98888886)] [0.0, 1.0, 1.0, 1.0, 1.0, 1.0, 0.0, 1.0]
0.008517599999999998
[(0.97931033, 0.98, 1.0), (0.96747965, 0.96666664, 1.0)] [0.0, 1.0, 1.0, 1.0, 1.0, 1.0, 1.0, 0.0]
0.008517599999999998
[(0.97931033, 0.97, 1.0), (0.98373985, 0.9777778, 1.0)] [0.0, 1.0, 1.0, 1.0, 1.0, 1.0, 1.0, 1.0]
0.012776399999999999
[(0.4827586, 0.52, 0.65822786), (0.52845526, 0.5222222, 0.7580645)] [1.0, 0.0, 0.0, 0.0, 0.0, 0.0, 0.0, 0.0]
0.0002352
[(0.5241379, 0.55, 0.7051282), (0.52845526, 0.53333336, 0.75)] [1.0, 0.0, 0.0, 0.0, 0.0, 0.0, 0.0, 1.0]
0.00035279999999999996
[(0.5448276, 0.52, 0.7536232), (0.55284554, 0.5222222, 0.7966102)] [1.0, 0.0, 0.0, 0.0, 0.0, 0.0, 1.0, 0.0]
0.0003527999999999999
[(0.5448276, 0.56, 0.72727275), (0.40650406, 0.44444445, 0.6451613)] [1.0, 0.0, 0.0, 0.0, 0.0, 0.0, 1.0, 1.0]
0.0005291999999999999
[(0.4275862, 0.45, 0.63380283), (0.42276424, 0.46666667, 0.64615387)] [1.0, 0.0, 0.0, 0.0, 0.0, 1.0, 0.0, 0.0]
0.0004368
[(0.5586207, 0.59, 0.72839504), (0.4715447, 0.5, 0.6923077)] [1.0, 0.0, 0.0, 0.0, 0.0, 1.0, 0.0, 1.0]
0.0006551999999999999
[(0.4413793, 0.45, 0.65217394), (0.5203252, 0.5, 0.7627119)] [1.0, 0.0, 0.0, 0.0, 0.0, 1.0, 1.0, 0.0]
0.0006552
[(0.53103447, 0.55, 0.7051282), (0.4390244, 0.42222223, 0.6909091)] [1.0, 0.0, 0.0, 0.0, 0.0, 1.0, 1.0, 1.0]
0.0009827999999999998
[(0.47586206, 0.48, 0.6760563), (0.46341464, 0.42222223, 0.7307692)] [1.0, 0.0, 0.0, 0.0, 1.0, 0.0, 0.0, 0.0]
0.00043680000000000005
[(0.46206897, 0.45, 0.6818182), (0.4878049, 0.4888889, 0.72131145)] [1.0, 0.0, 0.0, 0.0, 1.0, 0.0, 0.0, 1.0]
0.0006552
[(0.46896553, 0.45, 0.6923077), (0.4796748, 0.5, 0.703125)] [1.0, 0.0, 0.0, 0.0, 1.0, 0.0, 1.0, 0.0]
0.0006552000000000001
[(0.45517242, 0.46, 0.6571429), (0.45528457, 0.46666667, 0.6885246)] [1.0, 0.0, 0.0, 0.0, 1.0, 0.0, 1.0, 1.0]
0.0009828
[(0.4827586, 0.51, 0.68), (0.60162604, 0.6111111, 0.79710144)] [1.0, 0.0, 0.0, 0.0, 1.0, 1.0, 0.0, 0.0]
0.0008112000000000002
[(0.6, 0.64, 0.7619048), (0.52845526, 0.51111114, 0.76666665)] [1.0, 0.0, 0.0, 0.0, 1.0, 1.0, 0.0, 1.0]
0.0012168
[(0.47586206, 0.49, 0.6712329), (0.52845526, 0.5555556, 0.74626863)] [1.0, 0.0, 0.0, 0.0, 1.0, 1.0, 1.0, 0.0]
0.0012168000000000003
[(0.46896553, 0.44, 0.6984127), (0.49593496, 0.53333336, 0.7058824)] [1.0, 0.0, 0.0, 0.0, 1.0, 1.0, 1.0, 1.0]
0.0018252000000000001
[(0.4827586, 0.46, 0.6969697), (0.55284554, 0.53333336, 0.8)] [1.0, 0.0, 0.0, 1.0, 0.0, 0.0, 0.0, 0.0]
0.0005487999999999999
[(0.45517242, 0.47, 0.6619718), (0.4715447, 0.51111114, 0.6969697)] [1.0, 0.0, 0.0, 1.0, 0.0, 0.0, 0.0, 1.0]
0.0008231999999999998
[(0.57931036, 0.63, 0.73255813), (0.5121951, 0.5555556, 0.7246377)] [1.0, 0.0, 0.0, 1.0, 0.0, 0.0, 1.0, 0.0]
0.0008231999999999998
[(0.5103448, 0.53, 0.69736844), (0.4796748, 0.5, 0.71428573)] [1.0, 0.0, 0.0, 1.0, 0.0, 0.0, 1.0, 1.0]
0.0012347999999999997
[(0.51724136, 0.48, 0.75), (0.4715447, 0.5, 0.703125)] [1.0, 0.0, 0.0, 1.0, 0.0, 1.0, 0.0, 0.0]
0.0010192
[(0.4827586, 0.43, 0.71666664), (0.5365854, 0.53333336, 0.7741935)] [1.0, 0.0, 0.0, 1.0, 0.0, 1.0, 0.0, 1.0]
0.0015287999999999999
[(0.46896553, 0.43, 0.6825397), (0.5365854, 0.47777778, 0.8269231)] [1.0, 0.0, 0.0, 1.0, 0.0, 1.0, 1.0, 0.0]
0.0015287999999999996
[(0.42068964, 0.42, 0.6268657), (0.58536583, 0.5888889, 0.7910448)] [1.0, 0.0, 0.0, 1.0, 0.0, 1.0, 1.0, 1.0]
0.002293199999999999
[(0.47586206, 0.5, 0.6666667), (0.52845526, 0.5222222, 0.7704918)] [1.0, 0.0, 0.0, 1.0, 1.0, 0.0, 0.0, 0.0]
0.0010192
[(0.51724136, 0.56, 0.69135803), (0.5203252, 0.47777778, 0.7962963)] [1.0, 0.0, 0.0, 1.0, 1.0, 0.0, 0.0, 1.0]
0.0015287999999999999
[(0.51724136, 0.5, 0.71428573), (0.5365854, 0.54444444, 0.75384617)] [1.0, 0.0, 0.0, 1.0, 1.0, 0.0, 1.0, 0.0]
0.0015287999999999996
[(0.55172414, 0.55, 0.75342464), (0.58536583, 0.6111111, 0.7746479)] [1.0, 0.0, 0.0, 1.0, 1.0, 0.0, 1.0, 1.0]
0.002293199999999999
[(0.4413793, 0.5, 0.625), (0.4878049, 0.45555556, 0.74545455)] [1.0, 0.0, 0.0, 1.0, 1.0, 1.0, 0.0, 0.0]
0.0018928
[(0.50344825, 0.57, 0.6785714), (0.49593496, 0.45555556, 0.7735849)] [1.0, 0.0, 0.0, 1.0, 1.0, 1.0, 0.0, 1.0]
0.0028392
[(0.46206897, 0.46, 0.6764706), (0.50406504, 0.5, 0.75)] [1.0, 0.0, 0.0, 1.0, 1.0, 1.0, 1.0, 0.0]
0.0028391999999999996
[(0.46896553, 0.45, 0.6923077), (0.4715447, 0.5, 0.6923077)] [1.0, 0.0, 0.0, 1.0, 1.0, 1.0, 1.0, 1.0]
0.004258799999999999
[(0.46206897, 0.44, 0.6875), (0.50406504, 0.54444444, 0.71014494)] [1.0, 0.0, 1.0, 0.0, 0.0, 0.0, 0.0, 0.0]
0.0007055999999999999
[(0.5103448, 0.5, 0.71428573), (0.60162604, 0.6, 0.8181818)] [1.0, 0.0, 1.0, 0.0, 0.0, 0.0, 0.0, 1.0]
0.0010583999999999997
[(0.5103448, 0.49, 0.71014494), (0.4796748, 0.51111114, 0.7076923)] [1.0, 0.0, 1.0, 0.0, 0.0, 0.0, 1.0, 0.0]
0.0010584
[(0.46206897, 0.44, 0.6666667), (0.4390244, 0.43333334, 0.6964286)] [1.0, 0.0, 1.0, 0.0, 0.0, 0.0, 1.0, 1.0]
0.0015875999999999996
[(0.49655172, 0.51, 0.6891892), (0.45528457, 0.45555556, 0.69491524)] [1.0, 0.0, 1.0, 0.0, 0.0, 1.0, 0.0, 0.0]
0.0013104
[(0.45517242, 0.47, 0.6619718), (0.4390244, 0.44444445, 0.6896552)] [1.0, 0.0, 1.0, 0.0, 0.0, 1.0, 0.0, 1.0]
0.0019655999999999996
[(0.4827586, 0.41, 0.74545455), (0.4878049, 0.45555556, 0.74545455)] [1.0, 0.0, 1.0, 0.0, 0.0, 1.0, 1.0, 0.0]
0.0019655999999999996
[(0.46206897, 0.44, 0.6666667), (0.46341464, 0.47777778, 0.6935484)] [1.0, 0.0, 1.0, 0.0, 0.0, 1.0, 1.0, 1.0]
0.0029483999999999995
[(0.43448275, 0.44, 0.62857145), (0.52845526, 0.5222222, 0.7704918)] [1.0, 0.0, 1.0, 0.0, 1.0, 0.0, 0.0, 0.0]
0.0013104
[(0.48965517, 0.48, 0.6956522), (0.52845526, 0.56666666, 0.73913044)] [1.0, 0.0, 1.0, 0.0, 1.0, 0.0, 0.0, 1.0]
0.0019655999999999996
[(0.5103448, 0.51, 0.7083333), (0.50406504, 0.4888889, 0.7586207)] [1.0, 0.0, 1.0, 0.0, 1.0, 0.0, 1.0, 0.0]
0.0019655999999999996
[(0.50344825, 0.48, 0.72727275), (0.5691057, 0.53333336, 0.8135593)] [1.0, 0.0, 1.0, 0.0, 1.0, 0.0, 1.0, 1.0]
0.0029483999999999995
[(0.46206897, 0.45, 0.6617647), (0.5203252, 0.5, 0.7627119)] [1.0, 0.0, 1.0, 0.0, 1.0, 1.0, 0.0, 0.0]
0.0024336000000000006
[(0.51724136, 0.5, 0.71428573), (0.44715446, 0.43333334, 0.6964286)] [1.0, 0.0, 1.0, 0.0, 1.0, 1.0, 0.0, 1.0]
0.0036504000000000003
[(0.5103448, 0.54, 0.7012987), (0.52845526, 0.5, 0.7758621)] [1.0, 0.0, 1.0, 0.0, 1.0, 1.0, 1.0, 0.0]
0.0036504000000000003
[(0.50344825, 0.53, 0.69736844), (0.5203252, 0.53333336, 0.75)] [1.0, 0.0, 1.0, 0.0, 1.0, 1.0, 1.0, 1.0]
0.0054756
[(0.5103448, 0.51, 0.7083333), (0.58536583, 0.5888889, 0.8030303)] [1.0, 0.0, 1.0, 1.0, 0.0, 0.0, 0.0, 0.0]
0.0016463999999999993
[(0.57931036, 0.59, 0.75641024), (0.41463414, 0.43333334, 0.66101694)] [1.0, 0.0, 1.0, 1.0, 0.0, 0.0, 0.0, 1.0]
0.002469599999999999
[(0.53103447, 0.51, 0.73913044), (0.52845526, 0.5222222, 0.7580645)] [1.0, 0.0, 1.0, 1.0, 0.0, 0.0, 1.0, 0.0]
0.002469599999999999
[(0.4827586, 0.46, 0.6865672), (0.41463414, 0.42222223, 0.6666667)] [1.0, 0.0, 1.0, 1.0, 0.0, 0.0, 1.0, 1.0]
0.0037043999999999983
[(0.5448276, 0.57, 0.7307692), (0.4715447, 0.45555556, 0.73214287)] [1.0, 0.0, 1.0, 1.0, 0.0, 1.0, 0.0, 0.0]
0.003057599999999999
[(0.5103448, 0.52, 0.7123288), (0.57723576, 0.5888889, 0.7910448)] [1.0, 0.0, 1.0, 1.0, 0.0, 1.0, 0.0, 1.0]
0.004586399999999998
[(0.44827586, 0.49, 0.6363636), (0.54471546, 0.5555556, 0.75757575)] [1.0, 0.0, 1.0, 1.0, 0.0, 1.0, 1.0, 0.0]
0.004586399999999998
[(0.5448276, 0.55, 0.7236842), (0.46341464, 0.4, 0.75)] [1.0, 0.0, 1.0, 1.0, 0.0, 1.0, 1.0, 1.0]
0.006879599999999997
[(0.43448275, 0.45, 0.63380283), (0.5203252, 0.51111114, 0.75409836)] [1.0, 0.0, 1.0, 1.0, 1.0, 0.0, 0.0, 0.0]
0.0030575999999999993
[(0.50344825, 0.51, 0.7083333), (0.5609756, 0.5555556, 0.78125)] [1.0, 0.0, 1.0, 1.0, 1.0, 0.0, 0.0, 1.0]
0.004586399999999998
[(0.5448276, 0.53, 0.7361111), (0.6585366, 0.6333333, 0.8636364)] [1.0, 0.0, 1.0, 1.0, 1.0, 0.0, 1.0, 0.0]
0.004586399999999999
[(0.51724136, 0.58, 0.6904762), (0.5121951, 0.54444444, 0.73134327)] [1.0, 0.0, 1.0, 1.0, 1.0, 0.0, 1.0, 1.0]
0.006879599999999998
[(0.47586206, 0.49, 0.6712329), (0.4796748, 0.5, 0.703125)] [1.0, 0.0, 1.0, 1.0, 1.0, 1.0, 0.0, 0.0]
0.0056784
[(0.46206897, 0.44, 0.6769231), (0.4796748, 0.5, 0.703125)] [1.0, 0.0, 1.0, 1.0, 1.0, 1.0, 0.0, 1.0]
0.008517599999999998
[(0.48965517, 0.46, 0.7076923), (0.44715446, 0.45555556, 0.68333334)] [1.0, 0.0, 1.0, 1.0, 1.0, 1.0, 1.0, 0.0]
0.008517599999999998
[(0.5241379, 0.53, 0.72602737), (0.50406504, 0.53333336, 0.72727275)] [1.0, 0.0, 1.0, 1.0, 1.0, 1.0, 1.0, 1.0]
0.012776399999999999
[(0.5724138, 0.6, 0.7407407), (0.4878049, 0.53333336, 0.7058824)] [1.0, 1.0, 0.0, 0.0, 0.0, 0.0, 0.0, 0.0]
0.0009408000000000002
[(0.8413793, 0.96, 0.8347826), (0.8780488, 0.98888886, 0.8640777)] [1.0, 1.0, 0.0, 0.0, 0.0, 0.0, 0.0, 1.0]
0.0014112000000000003
[(0.92413795, 0.99, 0.92523366), (0.9268293, 0.98888886, 0.9270833)] [1.0, 1.0, 0.0, 0.0, 0.0, 0.0, 1.0, 0.0]
0.0014112000000000003
[(0.9724138, 0.97, 0.9897959), (0.9593496, 0.98888886, 0.9569892)] [1.0, 1.0, 0.0, 0.0, 0.0, 0.0, 1.0, 1.0]
0.0021168000000000003
[(0.8413793, 0.97, 0.8362069), (0.8699187, 1.0, 0.85714287)] [1.0, 1.0, 0.0, 0.0, 0.0, 1.0, 0.0, 0.0]
0.0017472000000000006
[(0.91034484, 0.97, 0.9150943), (0.9512195, 0.98888886, 0.9468085)] [1.0, 1.0, 0.0, 0.0, 0.0, 1.0, 0.0, 1.0]
0.002620800000000001
[(0.92413795, 0.9, 1.0), (0.9593496, 0.95555556, 1.0)] [1.0, 1.0, 0.0, 0.0, 0.0, 1.0, 1.0, 0.0]
0.002620800000000001
[(0.9517241, 0.93, 1.0), (0.98373985, 0.9777778, 1.0)] [1.0, 1.0, 0.0, 0.0, 0.0, 1.0, 1.0, 1.0]
0.003931200000000001
[(0.55172414, 0.57, 0.74025977), (0.41463414, 0.45555556, 0.6507937)] [1.0, 1.0, 0.0, 0.0, 1.0, 0.0, 0.0, 0.0]
0.0017472000000000008
[(0.8413793, 0.96, 0.8347826), (0.8780488, 0.98888886, 0.8640777)] [1.0, 1.0, 0.0, 0.0, 1.0, 0.0, 0.0, 1.0]
0.0026208000000000013
[(0.92413795, 0.99, 0.92523366), (0.9268293, 0.98888886, 0.9270833)] [1.0, 1.0, 0.0, 0.0, 1.0, 0.0, 1.0, 0.0]
0.0026208000000000013
[(0.9724138, 0.97, 0.9897959), (0.9593496, 0.98888886, 0.9569892)] [1.0, 1.0, 0.0, 0.0, 1.0, 0.0, 1.0, 1.0]
0.003931200000000001
[(0.8413793, 0.97, 0.8362069), (0.8699187, 1.0, 0.85714287)] [1.0, 1.0, 0.0, 0.0, 1.0, 1.0, 0.0, 0.0]
0.003244800000000002
[(0.91034484, 0.97, 0.9150943), (0.9512195, 0.98888886, 0.9468085)] [1.0, 1.0, 0.0, 0.0, 1.0, 1.0, 0.0, 1.0]
0.004867200000000003
[(0.92413795, 0.9, 1.0), (0.9593496, 0.95555556, 1.0)] [1.0, 1.0, 0.0, 0.0, 1.0, 1.0, 1.0, 0.0]
0.004867200000000002
[(0.9517241, 0.93, 1.0), (0.98373985, 0.9777778, 1.0)] [1.0, 1.0, 0.0, 0.0, 1.0, 1.0, 1.0, 1.0]
0.007300800000000003
[(0.48965517, 0.53, 0.6625), (0.5203252, 0.56666666, 0.7285714)] [1.0, 1.0, 0.0, 1.0, 0.0, 0.0, 0.0, 0.0]
0.0021952000000000004
[(0.8413793, 0.96, 0.8347826), (0.8780488, 0.98888886, 0.8640777)] [1.0, 1.0, 0.0, 1.0, 0.0, 0.0, 0.0, 1.0]
0.0032928000000000002
[(0.92413795, 0.98, 0.9245283), (0.9268293, 0.98888886, 0.9270833)] [1.0, 1.0, 0.0, 1.0, 0.0, 0.0, 1.0, 0.0]
0.0032928000000000002
[(0.9724138, 0.97, 0.9897959), (0.9593496, 0.98888886, 0.9569892)] [1.0, 1.0, 0.0, 1.0, 0.0, 0.0, 1.0, 1.0]
0.0049391999999999995
[(0.84827584, 0.98, 0.83760685), (0.86178863, 1.0, 0.8490566)] [1.0, 1.0, 0.0, 1.0, 0.0, 1.0, 0.0, 0.0]
0.004076800000000001
[(0.9172414, 0.98, 0.91588783), (0.9430894, 0.98888886, 0.9368421)] [1.0, 1.0, 0.0, 1.0, 0.0, 1.0, 0.0, 1.0]
0.006115200000000002
[(0.9517241, 0.98, 0.9607843), (0.9430894, 0.98888886, 0.9468085)] [1.0, 1.0, 0.0, 1.0, 0.0, 1.0, 1.0, 0.0]
0.006115200000000001
[(0.97931033, 0.97, 1.0), (0.96747965, 0.98888886, 0.9673913)] [1.0, 1.0, 0.0, 1.0, 0.0, 1.0, 1.0, 1.0]
0.009172800000000002
[(0.48965517, 0.56, 0.65882355), (0.45528457, 0.46666667, 0.7)] [1.0, 1.0, 0.0, 1.0, 1.0, 0.0, 0.0, 0.0]
0.004076800000000001
[(0.8413793, 0.96, 0.8347826), (0.8780488, 0.98888886, 0.8640777)] [1.0, 1.0, 0.0, 1.0, 1.0, 0.0, 0.0, 1.0]
0.006115200000000002
[(0.92413795, 0.98, 0.9245283), (0.9268293, 0.98888886, 0.9270833)] [1.0, 1.0, 0.0, 1.0, 1.0, 0.0, 1.0, 0.0]
0.006115200000000001
[(0.9724138, 0.97, 0.9897959), (0.9593496, 0.98888886, 0.9569892)] [1.0, 1.0, 0.0, 1.0, 1.0, 0.0, 1.0, 1.0]
0.009172800000000002
[(0.84827584, 0.98, 0.83760685), (0.86178863, 1.0, 0.8490566)] [1.0, 1.0, 0.0, 1.0, 1.0, 1.0, 0.0, 0.0]
0.007571200000000004
[(0.9172414, 0.98, 0.91588783), (0.9430894, 0.98888886, 0.9368421)] [1.0, 1.0, 0.0, 1.0, 1.0, 1.0, 0.0, 1.0]
0.011356800000000004
[(0.9517241, 0.98, 0.9607843), (0.9430894, 0.98888886, 0.9468085)] [1.0, 1.0, 0.0, 1.0, 1.0, 1.0, 1.0, 0.0]
0.011356800000000004
[(0.97931033, 0.97, 1.0), (0.96747965, 0.98888886, 0.9673913)] [1.0, 1.0, 0.0, 1.0, 1.0, 1.0, 1.0, 1.0]
0.017035200000000004
[(0.51724136, 0.52, 0.7123288), (0.5365854, 0.5555556, 0.74626863)] [1.0, 1.0, 1.0, 0.0, 0.0, 0.0, 0.0, 0.0]
0.002822400000000001
[(0.8413793, 0.96, 0.8347826), (0.8780488, 0.98888886, 0.8640777)] [1.0, 1.0, 1.0, 0.0, 0.0, 0.0, 0.0, 1.0]
0.0042336000000000006
[(0.92413795, 0.99, 0.92523366), (0.9268293, 0.98888886, 0.9270833)] [1.0, 1.0, 1.0, 0.0, 0.0, 0.0, 1.0, 0.0]
0.0042336000000000006
[(0.9724138, 0.97, 0.9897959), (0.9593496, 0.98888886, 0.9569892)] [1.0, 1.0, 1.0, 0.0, 0.0, 0.0, 1.0, 1.0]
0.006350400000000001
[(0.8413793, 0.97, 0.8362069), (0.8699187, 1.0, 0.85714287)] [1.0, 1.0, 1.0, 0.0, 0.0, 1.0, 0.0, 0.0]
0.0052416000000000025
[(0.91034484, 0.97, 0.9150943), (0.9512195, 0.98888886, 0.9468085)] [1.0, 1.0, 1.0, 0.0, 0.0, 1.0, 0.0, 1.0]
0.007862400000000002
[(0.92413795, 0.9, 1.0), (0.9593496, 0.95555556, 1.0)] [1.0, 1.0, 1.0, 0.0, 0.0, 1.0, 1.0, 0.0]
0.007862400000000004
[(0.9517241, 0.93, 1.0), (0.98373985, 0.9777778, 1.0)] [1.0, 1.0, 1.0, 0.0, 0.0, 1.0, 1.0, 1.0]
0.011793600000000003
[(0.8689655, 0.83, 0.9764706), (0.8780488, 0.84444445, 0.987013)] [1.0, 1.0, 1.0, 0.0, 1.0, 0.0, 0.0, 0.0]
0.0052416000000000025
[(0.9310345, 0.91, 0.98913044), (0.9430894, 0.9222222, 1.0)] [1.0, 1.0, 1.0, 0.0, 1.0, 0.0, 0.0, 1.0]
0.007862400000000002
[(0.97931033, 0.98, 0.989899), (0.9593496, 0.9444444, 1.0)] [1.0, 1.0, 1.0, 0.0, 1.0, 0.0, 1.0, 0.0]
0.007862400000000004
[(0.97931033, 0.98, 0.989899), (0.98373985, 0.9777778, 1.0)] [1.0, 1.0, 1.0, 0.0, 1.0, 0.0, 1.0, 1.0]
0.011793600000000003
[(0.94482756, 0.94, 0.9791667), (0.93495935, 0.9111111, 1.0)] [1.0, 1.0, 1.0, 0.0, 1.0, 1.0, 0.0, 0.0]
0.009734400000000004
[(0.9724138, 0.97, 0.9897959), (0.9756098, 0.96666664, 1.0)] [1.0, 1.0, 1.0, 0.0, 1.0, 1.0, 0.0, 1.0]
0.014601600000000006
[(0.97931033, 0.98, 0.989899), (0.96747965, 0.95555556, 1.0)] [1.0, 1.0, 1.0, 0.0, 1.0, 1.0, 1.0, 0.0]
0.014601600000000005
[(0.9862069, 0.98, 1.0), (0.98373985, 0.9777778, 1.0)] [1.0, 1.0, 1.0, 0.0, 1.0, 1.0, 1.0, 1.0]
0.021902400000000006
[(0.47586206, 0.47, 0.68115944), (0.41463414, 0.36666667, 0.6875)] [1.0, 1.0, 1.0, 1.0, 0.0, 0.0, 0.0, 0.0]
0.0065856000000000005
[(0.8413793, 0.96, 0.8347826), (0.8780488, 0.98888886, 0.8640777)] [1.0, 1.0, 1.0, 1.0, 0.0, 0.0, 0.0, 1.0]
0.009878399999999999
[(0.92413795, 0.98, 0.9245283), (0.9268293, 0.98888886, 0.9270833)] [1.0, 1.0, 1.0, 1.0, 0.0, 0.0, 1.0, 0.0]
0.009878399999999999
[(0.9724138, 0.97, 0.9897959), (0.9593496, 0.98888886, 0.9569892)] [1.0, 1.0, 1.0, 1.0, 0.0, 0.0, 1.0, 1.0]
0.014817599999999997
[(0.84827584, 0.98, 0.83760685), (0.86178863, 1.0, 0.8490566)] [1.0, 1.0, 1.0, 1.0, 0.0, 1.0, 0.0, 0.0]
0.0122304
[(0.9172414, 0.98, 0.91588783), (0.9430894, 0.98888886, 0.9368421)] [1.0, 1.0, 1.0, 1.0, 0.0, 1.0, 0.0, 1.0]
0.0183456
[(0.9517241, 0.98, 0.9607843), (0.9430894, 0.98888886, 0.9468085)] [1.0, 1.0, 1.0, 1.0, 0.0, 1.0, 1.0, 0.0]
0.0183456
[(0.97931033, 0.97, 1.0), (0.96747965, 0.98888886, 0.9673913)] [1.0, 1.0, 1.0, 1.0, 0.0, 1.0, 1.0, 1.0]
0.027518399999999995
[(0.8689655, 0.83, 0.9764706), (0.8780488, 0.84444445, 0.987013)] [1.0, 1.0, 1.0, 1.0, 1.0, 0.0, 0.0, 0.0]
0.0122304
[(0.93793106, 0.97, 0.94174755), (0.9512195, 0.98888886, 0.9468085)] [1.0, 1.0, 1.0, 1.0, 1.0, 0.0, 0.0, 1.0]
0.0183456
[(0.9655172, 0.98, 0.98), (0.96747965, 0.98888886, 0.9673913)] [1.0, 1.0, 1.0, 1.0, 1.0, 0.0, 1.0, 0.0]
0.0183456
[(0.97931033, 0.97, 1.0), (0.98373985, 0.9777778, 1.0)] [1.0, 1.0, 1.0, 1.0, 1.0, 0.0, 1.0, 1.0]
0.027518399999999995
[(0.9310345, 0.98, 0.93333334), (0.9593496, 1.0, 0.9574468)] [1.0, 1.0, 1.0, 1.0, 1.0, 1.0, 0.0, 0.0]
0.0227136
[(0.95862067, 0.98, 0.9607843), (0.98373985, 0.98888886, 0.98888886)] [1.0, 1.0, 1.0, 1.0, 1.0, 1.0, 0.0, 1.0]
0.0340704
[(0.97931033, 0.98, 1.0), (0.96747965, 0.96666664, 1.0)] [1.0, 1.0, 1.0, 1.0, 1.0, 1.0, 1.0, 0.0]
0.0340704
[(0.97931033, 0.97, 1.0), (0.98373985, 0.9777778, 1.0)] [1.0, 1.0, 1.0, 1.0, 1.0, 1.0, 1.0, 1.0]
0.0511056
Results for Validation Test:
Average Accuracy: 0.844518218931464
Average Recall: 0.8615397554417402
Average Precision: 0.9024605557942162
Results for Holdout Test:
Average Accuracy: 0.8512956713199533
Average Recall: 0.8702662623332355
Average Precision: 0.9133942976761109
