Going to read training images
0
Now going to read person_images files (Index: 0)
1
Now going to read car_images files (Index: 1)
2
Now going to read bus_images files (Index: 2)
Person files read in:  1761
Car files read in:  4878
Car:  801
Person:  286
Bus:  7
Going to read training images
0
Now going to read person_images files (Index: 0)
1
Now going to read car_images files (Index: 1)
2
Now going to read bus_images files (Index: 2)
Person files read in:  293
Car files read in:  588
Car:  98
Person:  45
Bus:  2
Going to read training images
0
Now going to read person_images files (Index: 0)
1
Now going to read car_images files (Index: 1)
2
Now going to read bus_images files (Index: 2)
Person files read in:  1761
Car files read in:  4878
Car:  801
Person:  286
Bus:  7
Going to read training images
0
Now going to read person_images files (Index: 0)
1
Now going to read car_images files (Index: 1)
2
Now going to read bus_images files (Index: 2)
Person files read in:  198
Car files read in:  534
Car:  89
Person:  33
Bus:  1
Complete reading input data. Will Now print a snippet of it
Number of files in Training-set:		1094
Number of files in Validation-set:	145
(?, 1, 32, 32, 3)
[<tf.Tensor 'split:0' shape=(?, 1, 32, 32, 3) dtype=float32>, <tf.Tensor 'split:1' shape=(?, 1, 32, 32, 3) dtype=float32>, <tf.Tensor 'split:2' shape=(?, 1, 32, 32, 3) dtype=float32>, <tf.Tensor 'split:3' shape=(?, 1, 32, 32, 3) dtype=float32>, <tf.Tensor 'split:4' shape=(?, 1, 32, 32, 3) dtype=float32>, <tf.Tensor 'split:5' shape=(?, 1, 32, 32, 3) dtype=float32>]
(?, 32)
(?, 3)
(?,)
[(0.48965517, 0.44, 0.7096774), (0.5203252, 0.5222222, 0.74603176)] [0.0, 0.0, 0.0, 0.0, 0.0, 0.0, 0.0, 0.0]
1.3500000000000095e-17
[(0.45517242, 0.47, 0.6527778), (0.4878049, 0.44444445, 0.754717)] [0.0, 0.0, 0.0, 0.0, 0.0, 0.0, 0.0, 1.0]
4.365000000000027e-16
[(0.44827586, 0.44, 0.64705884), (0.5203252, 0.51111114, 0.76666665)] [0.0, 0.0, 0.0, 0.0, 0.0, 0.0, 1.0, 0.0]
6.61500000000004e-16
[(0.45517242, 0.48, 0.6486486), (0.4796748, 0.5, 0.703125)] [0.0, 0.0, 0.0, 0.0, 0.0, 0.0, 1.0, 1.0]
2.138850000000011e-14
[(0.55172414, 0.59, 0.7195122), (0.52845526, 0.5222222, 0.7580645)] [0.0, 0.0, 0.0, 0.0, 0.0, 1.0, 0.0, 0.0]
8.865000000000054e-16
[(0.55172414, 0.57, 0.7307692), (0.42276424, 0.37777779, 0.7083333)] [0.0, 0.0, 0.0, 0.0, 0.0, 1.0, 0.0, 1.0]
2.866350000000015e-14
[(0.47586206, 0.47, 0.68115944), (0.52845526, 0.5555556, 0.7352941)] [0.0, 0.0, 0.0, 0.0, 0.0, 1.0, 1.0, 0.0]
4.343850000000022e-14
[(0.50344825, 0.51, 0.7083333), (0.44715446, 0.45555556, 0.69491524)] [0.0, 0.0, 0.0, 0.0, 0.0, 1.0, 1.0, 1.0]
1.404511500000006e-12
[(0.537931, 0.53, 0.7361111), (0.49593496, 0.5, 0.73770493)] [0.0, 0.0, 0.0, 0.0, 1.0, 0.0, 0.0, 0.0]
8.865000000000054e-16
[(0.4827586, 0.54, 0.6666667), (0.49593496, 0.51111114, 0.71875)] [0.0, 0.0, 0.0, 0.0, 1.0, 0.0, 0.0, 1.0]
2.866350000000015e-14
[(0.4413793, 0.5, 0.625), (0.49593496, 0.54444444, 0.71014494)] [0.0, 0.0, 0.0, 0.0, 1.0, 0.0, 1.0, 0.0]
4.343850000000023e-14
[(0.4827586, 0.47, 0.6911765), (0.5691057, 0.65555555, 0.7375)] [0.0, 0.0, 0.0, 0.0, 1.0, 0.0, 1.0, 1.0]
1.4045115000000062e-12
[(0.48965517, 0.48, 0.6956522), (0.45528457, 0.44444445, 0.7017544)] [0.0, 0.0, 0.0, 0.0, 1.0, 1.0, 0.0, 0.0]
5.82135000000003e-14
[(0.5862069, 0.56, 0.7887324), (0.43089432, 0.41111112, 0.6851852)] [0.0, 0.0, 0.0, 0.0, 1.0, 1.0, 0.0, 1.0]
1.882236500000008e-12
[(0.48965517, 0.47, 0.70149255), (0.5121951, 0.46666667, 0.7777778)] [0.0, 0.0, 0.0, 0.0, 1.0, 1.0, 1.0, 0.0]
2.8524615000000123e-12
[(0.46206897, 0.49, 0.6621622), (0.5121951, 0.47777778, 0.7818182)] [0.0, 0.0, 0.0, 0.0, 1.0, 1.0, 1.0, 1.0]
9.222958850000032e-11
[(0.46896553, 0.52, 0.65), (0.45528457, 0.44444445, 0.7017544)] [0.0, 0.0, 0.0, 1.0, 0.0, 0.0, 0.0, 0.0]
1.336500000000008e-15
[(0.46896553, 0.44, 0.6769231), (0.46341464, 0.47777778, 0.6935484)] [0.0, 0.0, 0.0, 1.0, 0.0, 0.0, 0.0, 1.0]
4.321350000000022e-14
[(0.45517242, 0.4, 0.6779661), (0.398374, 0.35555556, 0.6666667)] [0.0, 0.0, 0.0, 1.0, 0.0, 0.0, 1.0, 0.0]
6.548850000000034e-14
[(0.5241379, 0.52, 0.7123288), (0.44715446, 0.47777778, 0.6825397)] [0.0, 0.0, 0.0, 1.0, 0.0, 0.0, 1.0, 1.0]
2.117461500000009e-12
[(0.537931, 0.56, 0.71794873), (0.55284554, 0.56666666, 0.77272725)] [0.0, 0.0, 0.0, 1.0, 0.0, 1.0, 0.0, 0.0]
8.776350000000046e-14
[(0.51724136, 0.55, 0.6962025), (0.5691057, 0.54444444, 0.8032787)] [0.0, 0.0, 0.0, 1.0, 0.0, 1.0, 0.0, 1.0]
2.8376865000000123e-12
[(0.51724136, 0.53, 0.69736844), (0.46341464, 0.42222223, 0.7307692)] [0.0, 0.0, 0.0, 1.0, 0.0, 1.0, 1.0, 0.0]
4.300411500000019e-12
[(0.45517242, 0.44, 0.6666667), (0.50406504, 0.5, 0.75)] [0.0, 0.0, 0.0, 1.0, 0.0, 1.0, 1.0, 1.0]
1.390466385000005e-10
[(0.57931036, 0.55, 0.7746479), (0.4715447, 0.45555556, 0.73214287)] [0.0, 0.0, 0.0, 1.0, 1.0, 0.0, 0.0, 0.0]
8.776350000000045e-14
[(0.5448276, 0.54, 0.75), (0.4878049, 0.4888889, 0.72131145)] [0.0, 0.0, 0.0, 1.0, 1.0, 0.0, 0.0, 1.0]
2.837686500000012e-12
[(0.42068964, 0.41, 0.6212121), (0.5365854, 0.5555556, 0.74626863)] [0.0, 0.0, 0.0, 1.0, 1.0, 0.0, 1.0, 0.0]
4.3004115000000185e-12
[(0.5103448, 0.5, 0.70422536), (0.55284554, 0.5555556, 0.78125)] [0.0, 0.0, 0.0, 1.0, 1.0, 0.0, 1.0, 1.0]
1.3904663850000047e-10
[(0.5103448, 0.5, 0.71428573), (0.5609756, 0.56666666, 0.7846154)] [0.0, 0.0, 0.0, 1.0, 1.0, 1.0, 0.0, 0.0]
5.763136500000024e-12
[(0.51724136, 0.52, 0.7027027), (0.42276424, 0.43333334, 0.66101694)] [0.0, 0.0, 0.0, 1.0, 1.0, 1.0, 0.0, 1.0]
1.8634141350000062e-10
[(0.50344825, 0.5, 0.70422536), (0.52845526, 0.54444444, 0.74242425)] [0.0, 0.0, 0.0, 1.0, 1.0, 1.0, 1.0, 0.0]
2.8239368850000096e-10
[(0.46206897, 0.52, 0.65), (0.43089432, 0.4888889, 0.64705884)] [0.0, 0.0, 0.0, 1.0, 1.0, 1.0, 1.0, 1.0]
9.130729261500022e-09
[(0.48965517, 0.46, 0.7076923), (0.52845526, 0.54444444, 0.75384617)] [0.0, 0.0, 1.0, 0.0, 0.0, 0.0, 0.0, 0.0]
2.686500000000017e-15
[(0.42068964, 0.42, 0.6268657), (0.45528457, 0.45555556, 0.70689654)] [0.0, 0.0, 1.0, 0.0, 0.0, 0.0, 0.0, 1.0]
8.686350000000048e-14
[(0.5448276, 0.52, 0.7536232), (0.4715447, 0.45555556, 0.71929824)] [0.0, 0.0, 1.0, 0.0, 0.0, 0.0, 1.0, 0.0]
1.316385000000007e-13
[(0.55172414, 0.54, 0.7605634), (0.5691057, 0.53333336, 0.8135593)] [0.0, 0.0, 1.0, 0.0, 0.0, 0.0, 1.0, 1.0]
4.2563115000000195e-12
[(0.44827586, 0.53, 0.63095236), (0.50406504, 0.54444444, 0.7205882)] [0.0, 0.0, 1.0, 0.0, 0.0, 1.0, 0.0, 0.0]
1.7641350000000096e-13
[(0.49655172, 0.52, 0.6933333), (0.4796748, 0.4888889, 0.72131145)] [0.0, 0.0, 1.0, 0.0, 0.0, 1.0, 0.0, 1.0]
5.704036500000026e-12
[(0.48965517, 0.49, 0.69014084), (0.49593496, 0.4888889, 0.73333335)] [0.0, 0.0, 1.0, 0.0, 0.0, 1.0, 1.0, 0.0]
8.64426150000004e-12
[(0.48965517, 0.52, 0.6753247), (0.50406504, 0.4888889, 0.7586207)] [0.0, 0.0, 1.0, 0.0, 0.0, 1.0, 1.0, 1.0]
2.79497788500001e-10
[(0.5586207, 0.58, 0.73417723), (0.49593496, 0.4888889, 0.7457627)] [0.0, 0.0, 1.0, 0.0, 1.0, 0.0, 0.0, 0.0]
1.7641350000000096e-13
[(0.5103448, 0.54, 0.6923077), (0.49593496, 0.46666667, 0.76363635)] [0.0, 0.0, 1.0, 0.0, 1.0, 0.0, 0.0, 1.0]
5.704036500000026e-12
[(0.5103448, 0.48, 0.72727275), (0.49593496, 0.47777778, 0.75438595)] [0.0, 0.0, 1.0, 0.0, 1.0, 0.0, 1.0, 0.0]
8.64426150000004e-12
[(0.50344825, 0.51, 0.7083333), (0.45528457, 0.5, 0.6818182)] [0.0, 0.0, 1.0, 0.0, 1.0, 0.0, 1.0, 1.0]
2.79497788500001e-10
[(0.4413793, 0.45, 0.64285713), (0.4715447, 0.46666667, 0.7118644)] [0.0, 0.0, 1.0, 0.0, 1.0, 1.0, 0.0, 0.0]
1.1584486500000052e-11
[(0.4413793, 0.49, 0.6282051), (0.4715447, 0.5, 0.703125)] [0.0, 0.0, 1.0, 0.0, 1.0, 1.0, 0.0, 1.0]
3.7456506350000135e-10
[(0.47586206, 0.5, 0.65789473), (0.50406504, 0.5222222, 0.734375)] [0.0, 0.0, 1.0, 0.0, 1.0, 1.0, 1.0, 0.0]
5.676398385000021e-10
[(0.4827586, 0.52, 0.6666667), (0.4878049, 0.44444445, 0.754717)] [0.0, 0.0, 1.0, 0.0, 1.0, 1.0, 1.0, 1.0]
1.835368811150005e-08
[(0.44827586, 0.44, 0.6567164), (0.5203252, 0.4888889, 0.7719298)] [0.0, 0.0, 1.0, 1.0, 0.0, 0.0, 0.0, 0.0]
2.659635000000014e-13
[(0.4827586, 0.49, 0.6805556), (0.58536583, 0.56666666, 0.8095238)] [0.0, 0.0, 1.0, 1.0, 0.0, 0.0, 0.0, 1.0]
8.599486500000038e-12
[(0.5241379, 0.5, 0.7352941), (0.50406504, 0.51111114, 0.73015875)] [0.0, 0.0, 1.0, 1.0, 0.0, 0.0, 1.0, 0.0]
1.303221150000006e-11
[(0.49655172, 0.51, 0.6891892), (0.45528457, 0.45555556, 0.69491524)] [0.0, 0.0, 1.0, 1.0, 0.0, 0.0, 1.0, 1.0]
4.2137483850000155e-10
[(0.6068966, 0.57, 0.82608694), (0.43089432, 0.43333334, 0.67241377)] [0.0, 0.0, 1.0, 1.0, 0.0, 1.0, 0.0, 0.0]
1.746493650000008e-11
[(0.48965517, 0.48, 0.6956522), (0.46341464, 0.47777778, 0.704918)] [0.0, 0.0, 1.0, 1.0, 0.0, 1.0, 0.0, 1.0]
5.646996135000021e-10
[(0.46206897, 0.44, 0.6769231), (0.45528457, 0.5, 0.67164177)] [0.0, 0.0, 1.0, 1.0, 0.0, 1.0, 1.0, 0.0]
8.557818885000031e-10
[(0.4413793, 0.45, 0.64285713), (0.4715447, 0.44444445, 0.72727275)] [0.0, 0.0, 1.0, 1.0, 0.0, 1.0, 1.0, 1.0]
2.7670281061500077e-08
[(0.45517242, 0.48, 0.6486486), (0.5365854, 0.54444444, 0.765625)] [0.0, 0.0, 1.0, 1.0, 1.0, 0.0, 0.0, 0.0]
1.746493650000008e-11
[(0.5103448, 0.52, 0.7123288), (0.4878049, 0.53333336, 0.7058824)] [0.0, 0.0, 1.0, 1.0, 1.0, 0.0, 0.0, 1.0]
5.646996135000021e-10
[(0.50344825, 0.53, 0.6883117), (0.5365854, 0.5222222, 0.78333336)] [0.0, 0.0, 1.0, 1.0, 1.0, 0.0, 1.0, 0.0]
8.557818885000031e-10
[(0.4413793, 0.44, 0.6567164), (0.3902439, 0.43333334, 0.62903225)] [0.0, 0.0, 1.0, 1.0, 1.0, 0.0, 1.0, 1.0]
2.7670281061500077e-08
[(0.5103448, 0.56, 0.67469877), (0.5934959, 0.5888889, 0.8153846)] [0.0, 0.0, 1.0, 1.0, 1.0, 1.0, 0.0, 0.0]
1.1468641635000045e-09
[(0.41379312, 0.44, 0.6197183), (0.52845526, 0.53333336, 0.7619048)] [0.0, 0.0, 1.0, 1.0, 1.0, 1.0, 0.0, 1.0]
3.708194128650011e-08
[(0.49655172, 0.5, 0.70422536), (0.57723576, 0.6, 0.7826087)] [0.0, 0.0, 1.0, 1.0, 1.0, 1.0, 1.0, 0.0]
5.6196344011500166e-08
[(0.46896553, 0.47, 0.67142856), (0.42276424, 0.42222223, 0.6785714)] [0.0, 0.0, 1.0, 1.0, 1.0, 1.0, 1.0, 1.0]
1.8170151230385036e-06
[(0.46206897, 0.44, 0.6769231), (0.4796748, 0.44444445, 0.754717)] [0.0, 1.0, 0.0, 0.0, 0.0, 0.0, 0.0, 0.0]
6.736500000000043e-15
[(0.46896553, 0.47, 0.67142856), (0.50406504, 0.5, 0.73770493)] [0.0, 1.0, 0.0, 0.0, 0.0, 0.0, 0.0, 1.0]
2.1781350000000117e-13
[(0.46896553, 0.48, 0.6760563), (0.49593496, 0.47777778, 0.75438595)] [0.0, 1.0, 0.0, 0.0, 0.0, 0.0, 1.0, 0.0]
3.3008850000000177e-13
[(0.5103448, 0.53, 0.69736844), (0.4390244, 0.46666667, 0.67741936)] [0.0, 1.0, 0.0, 0.0, 0.0, 0.0, 1.0, 1.0]
1.0672861500000048e-11
[(0.49655172, 0.48, 0.6956522), (0.46341464, 0.43333334, 0.7222222)] [0.0, 1.0, 0.0, 0.0, 0.0, 1.0, 0.0, 0.0]
4.4236350000000247e-13
[(0.43448275, 0.44, 0.64705884), (0.50406504, 0.51111114, 0.73015875)] [0.0, 1.0, 0.0, 0.0, 0.0, 1.0, 0.0, 1.0]
1.4303086500000066e-11
[(0.51724136, 0.53, 0.7162162), (0.50406504, 0.51111114, 0.7419355)] [0.0, 1.0, 0.0, 0.0, 0.0, 1.0, 1.0, 0.0]
2.16758115000001e-11
[(0.45517242, 0.45, 0.67164177), (0.52845526, 0.5, 0.7758621)] [0.0, 1.0, 0.0, 0.0, 0.0, 1.0, 1.0, 1.0]
7.008512385000025e-10
[(0.4827586, 0.51, 0.68), (0.5203252, 0.5222222, 0.74603176)] [0.0, 1.0, 0.0, 0.0, 1.0, 0.0, 0.0, 0.0]
4.4236350000000237e-13
[(0.4413793, 0.42, 0.65625), (0.4878049, 0.54444444, 0.7)] [0.0, 1.0, 0.0, 0.0, 1.0, 0.0, 0.0, 1.0]
1.4303086500000063e-11
[(0.53103447, 0.55, 0.7051282), (0.50406504, 0.4888889, 0.7457627)] [0.0, 1.0, 0.0, 0.0, 1.0, 0.0, 1.0, 0.0]
2.1675811500000096e-11
[(0.56551725, 0.56, 0.7567568), (0.5365854, 0.5222222, 0.78333336)] [0.0, 1.0, 0.0, 0.0, 1.0, 0.0, 1.0, 1.0]
7.008512385000024e-10
[(0.48965517, 0.52, 0.6666667), (0.5691057, 0.54444444, 0.8032787)] [0.0, 1.0, 0.0, 0.0, 1.0, 1.0, 0.0, 0.0]
2.9048536500000127e-11
[(0.46206897, 0.47, 0.6527778), (0.4796748, 0.51111114, 0.7076923)] [0.0, 1.0, 0.0, 0.0, 1.0, 1.0, 0.0, 1.0]
9.392360135000032e-10
[(0.44827586, 0.47, 0.6438356), (0.52845526, 0.5222222, 0.7704918)] [0.0, 1.0, 0.0, 0.0, 1.0, 1.0, 1.0, 0.0]
1.423378288500005e-09
[(0.49655172, 0.51, 0.68), (0.45528457, 0.47777778, 0.6825397)] [0.0, 1.0, 0.0, 0.0, 1.0, 1.0, 1.0, 1.0]
4.602256466150012e-08
[(0.4827586, 0.49, 0.6805556), (0.54471546, 0.5222222, 0.78333336)] [0.0, 1.0, 0.0, 1.0, 0.0, 0.0, 0.0, 0.0]
6.669135000000036e-13
[(0.5241379, 0.54, 0.7105263), (0.55284554, 0.5888889, 0.75714284)] [0.0, 1.0, 0.0, 1.0, 0.0, 0.0, 0.0, 1.0]
2.1563536500000094e-11
[(0.5103448, 0.5, 0.71428573), (0.49593496, 0.47777778, 0.75438595)] [0.0, 1.0, 0.0, 1.0, 0.0, 0.0, 1.0, 0.0]
3.2678761500000145e-11
[(0.5103448, 0.54, 0.6923077), (0.4715447, 0.47777778, 0.704918)] [0.0, 1.0, 0.0, 1.0, 0.0, 0.0, 1.0, 1.0]
1.0566132885000036e-09
[(0.56551725, 0.56, 0.74666667), (0.41463414, 0.46666667, 0.64615387)] [0.0, 1.0, 0.0, 1.0, 0.0, 1.0, 0.0, 0.0]
4.379398650000019e-11
[(0.4827586, 0.49, 0.6805556), (0.45528457, 0.44444445, 0.71428573)] [0.0, 1.0, 0.0, 1.0, 0.0, 1.0, 0.0, 1.0]
1.4160055635000049e-09
[(0.53103447, 0.53, 0.7361111), (0.4796748, 0.43333334, 0.75)] [0.0, 1.0, 0.0, 1.0, 0.0, 1.0, 1.0, 0.0]
2.1459053385000076e-09
[(0.44827586, 0.44, 0.6666667), (0.3495935, 0.37777779, 0.5862069)] [0.0, 1.0, 0.0, 1.0, 0.0, 1.0, 1.0, 1.0]
6.938427261150018e-08
[(0.46206897, 0.54, 0.63529414), (0.5365854, 0.5, 0.7894737)] [0.0, 1.0, 0.0, 1.0, 1.0, 0.0, 0.0, 0.0]
4.3793986500000196e-11
[(0.44827586, 0.45, 0.65217394), (0.52845526, 0.5888889, 0.72602737)] [0.0, 1.0, 0.0, 1.0, 1.0, 0.0, 0.0, 1.0]
1.416005563500005e-09
[(0.4827586, 0.49, 0.6805556), (0.55284554, 0.5555556, 0.78125)] [0.0, 1.0, 0.0, 1.0, 1.0, 0.0, 1.0, 0.0]
2.145905338500008e-09
[(0.46896553, 0.5, 0.65789473), (0.50406504, 0.5, 0.73770493)] [0.0, 1.0, 0.0, 1.0, 1.0, 0.0, 1.0, 1.0]
6.938427261150019e-08
[(0.4827586, 0.46, 0.6969697), (0.4878049, 0.47777778, 0.7413793)] [0.0, 1.0, 0.0, 1.0, 1.0, 1.0, 0.0, 0.0]
2.87580511350001e-09
[(0.5448276, 0.57, 0.721519), (0.54471546, 0.5888889, 0.74647886)] [0.0, 1.0, 0.0, 1.0, 1.0, 1.0, 0.0, 1.0]
9.298436533650024e-08
[(0.5241379, 0.55, 0.7051282), (0.5121951, 0.5, 0.7627119)] [0.0, 1.0, 0.0, 1.0, 1.0, 1.0, 1.0, 0.0]
1.4091445056150037e-07
[(0.4275862, 0.43, 0.63235295), (0.43089432, 0.44444445, 0.6779661)] [0.0, 1.0, 0.0, 1.0, 1.0, 1.0, 1.0, 1.0]
4.556233901488508e-06
[(0.45517242, 0.48, 0.6486486), (0.50406504, 0.46666667, 0.76363635)] [0.0, 1.0, 1.0, 0.0, 0.0, 0.0, 0.0, 0.0]
1.340563500000007e-12
[(0.49655172, 0.48, 0.7058824), (0.44715446, 0.46666667, 0.6885246)] [0.0, 1.0, 1.0, 0.0, 0.0, 0.0, 0.0, 1.0]
4.334488650000019e-11
[(0.5103448, 0.49, 0.71014494), (0.4878049, 0.4888889, 0.73333335)] [0.0, 1.0, 1.0, 0.0, 0.0, 0.0, 1.0, 0.0]
6.568761150000029e-11
[(0.537931, 0.5, 0.75757575), (0.5203252, 0.5555556, 0.7352941)] [0.0, 1.0, 1.0, 0.0, 0.0, 0.0, 1.0, 1.0]
2.1238994385000073e-09
[(0.45517242, 0.49, 0.6447368), (0.5691057, 0.5555556, 0.7936508)] [0.0, 1.0, 1.0, 0.0, 0.0, 1.0, 0.0, 0.0]
8.803033650000038e-11
[(0.49655172, 0.49, 0.71014494), (0.4390244, 0.46666667, 0.6666667)] [0.0, 1.0, 1.0, 0.0, 0.0, 1.0, 0.0, 1.0]
2.84631421350001e-09
[(0.49655172, 0.49, 0.69014084), (0.46341464, 0.46666667, 0.7118644)] [0.0, 1.0, 1.0, 0.0, 0.0, 1.0, 1.0, 0.0]
4.313486488500015e-09
[(0.46206897, 0.51, 0.6455696), (0.45528457, 0.42222223, 0.7307692)] [0.0, 1.0, 1.0, 0.0, 0.0, 1.0, 1.0, 1.0]
1.3946939646150037e-07
[(0.5241379, 0.54, 0.7012987), (0.4715447, 0.53333336, 0.6857143)] [0.0, 1.0, 1.0, 0.0, 1.0, 0.0, 0.0, 0.0]
8.803033650000038e-11
[(0.5241379, 0.51, 0.73913044), (0.5203252, 0.51111114, 0.75409836)] [0.0, 1.0, 1.0, 0.0, 1.0, 0.0, 0.0, 1.0]
2.84631421350001e-09
[(0.4413793, 0.48, 0.6315789), (0.4796748, 0.4888889, 0.72131145)] [0.0, 1.0, 1.0, 0.0, 1.0, 0.0, 1.0, 0.0]
4.313486488500015e-09
[(0.53103447, 0.55, 0.7236842), (0.42276424, 0.41111112, 0.6727273)] [0.0, 1.0, 1.0, 0.0, 1.0, 0.0, 1.0, 1.0]
1.3946939646150037e-07
[(0.45517242, 0.48, 0.65753424), (0.5121951, 0.5, 0.7627119)] [0.0, 1.0, 1.0, 0.0, 1.0, 1.0, 0.0, 0.0]
5.78065876350002e-09
[(0.5448276, 0.49, 0.765625), (0.4715447, 0.42222223, 0.74509805)] [0.0, 1.0, 1.0, 0.0, 1.0, 1.0, 0.0, 1.0]
1.869079666865005e-07
[(0.46896553, 0.43, 0.6935484), (0.5365854, 0.56666666, 0.75)] [0.0, 1.0, 1.0, 0.0, 1.0, 1.0, 1.0, 0.0]
2.8325227941150074e-07
[(0.50344825, 0.54, 0.675), (0.398374, 0.33333334, 0.6818182)] [0.0, 1.0, 1.0, 0.0, 1.0, 1.0, 1.0, 1.0]
9.158490367638516e-06
[(0.47586206, 0.46, 0.6865672), (0.5365854, 0.5777778, 0.73239434)] [0.0, 1.0, 1.0, 1.0, 0.0, 0.0, 0.0, 0.0]
1.3271578650000058e-10
[(0.44827586, 0.43, 0.6615385), (0.57723576, 0.5777778, 0.7878788)] [0.0, 1.0, 1.0, 1.0, 0.0, 0.0, 0.0, 1.0]
4.291143763500015e-09
[(0.49655172, 0.5, 0.70422536), (0.5121951, 0.51111114, 0.75409836)] [0.0, 1.0, 1.0, 1.0, 0.0, 0.0, 1.0, 0.0]
6.503073538500022e-09
[(0.46896553, 0.48, 0.6760563), (0.4878049, 0.5, 0.7258065)] [0.0, 1.0, 1.0, 1.0, 0.0, 0.0, 1.0, 1.0]
2.1026604441150053e-07
[(0.5241379, 0.51, 0.7285714), (0.4796748, 0.42222223, 0.7755102)] [0.0, 1.0, 1.0, 1.0, 0.0, 1.0, 0.0, 0.0]
8.715003313500031e-09
[(0.5103448, 0.55, 0.6875), (0.5203252, 0.54444444, 0.74242425)] [0.0, 1.0, 1.0, 1.0, 0.0, 1.0, 0.0, 1.0]
2.817851071365007e-07
[(0.46206897, 0.43, 0.671875), (0.55284554, 0.5555556, 0.78125)] [0.0, 1.0, 1.0, 1.0, 0.0, 1.0, 1.0, 0.0]
4.2703516236150103e-07
[(0.46896553, 0.47, 0.68115944), (0.5365854, 0.51111114, 0.779661)] [0.0, 1.0, 1.0, 1.0, 0.0, 1.0, 1.0, 1.0]
1.380747024968852e-05
[(0.50344825, 0.51, 0.6891892), (0.55284554, 0.54444444, 0.7903226)] [0.0, 1.0, 1.0, 1.0, 1.0, 0.0, 0.0, 0.0]
8.715003313500031e-09
[(0.51724136, 0.55, 0.7051282), (0.398374, 0.33333334, 0.6818182)] [0.0, 1.0, 1.0, 1.0, 1.0, 0.0, 0.0, 1.0]
2.817851071365007e-07
[(0.4413793, 0.51, 0.6219512), (0.4715447, 0.5222222, 0.6911765)] [0.0, 1.0, 1.0, 1.0, 1.0, 0.0, 1.0, 0.0]
4.2703516236150103e-07
[(0.5103448, 0.54, 0.6923077), (0.52845526, 0.53333336, 0.75)] [0.0, 1.0, 1.0, 1.0, 1.0, 0.0, 1.0, 1.0]
1.380747024968852e-05
[(0.5241379, 0.53, 0.7162162), (0.4796748, 0.4888889, 0.7096774)] [0.0, 1.0, 1.0, 1.0, 1.0, 1.0, 0.0, 0.0]
5.722852175865015e-07
[(0.5448276, 0.55, 0.7236842), (0.42276424, 0.4, 0.6792453)] [0.0, 1.0, 1.0, 1.0, 1.0, 1.0, 0.0, 1.0]
1.850388870196353e-05
[(0.43448275, 0.44, 0.6376812), (0.5121951, 0.5222222, 0.734375)] [0.0, 1.0, 1.0, 1.0, 1.0, 1.0, 1.0, 0.0]
2.8041975661738546e-05
[(0.49655172, 0.53, 0.67948717), (0.50406504, 0.5, 0.73770493)] [0.0, 1.0, 1.0, 1.0, 1.0, 1.0, 1.0, 1.0]
0.0009066905463962122
[(0.49655172, 0.52, 0.68421054), (0.43089432, 0.43333334, 0.68421054)] [1.0, 0.0, 0.0, 0.0, 0.0, 0.0, 0.0, 0.0]
1.3486500000000084e-14
[(0.45517242, 0.46, 0.64788735), (0.50406504, 0.4888889, 0.7586207)] [1.0, 0.0, 0.0, 0.0, 0.0, 0.0, 0.0, 1.0]
4.3606350000000234e-13
[(0.59310347, 0.59, 0.7866667), (0.5121951, 0.54444444, 0.73134327)] [1.0, 0.0, 0.0, 0.0, 0.0, 0.0, 1.0, 0.0]
6.608385000000036e-13
[(0.51724136, 0.49, 0.7205882), (0.4715447, 0.47777778, 0.71666664)] [1.0, 0.0, 0.0, 0.0, 0.0, 0.0, 1.0, 1.0]
2.1367111500000096e-11
[(0.5103448, 0.51, 0.69863015), (0.5691057, 0.5777778, 0.7761194)] [1.0, 0.0, 0.0, 0.0, 0.0, 1.0, 0.0, 0.0]
8.856135000000046e-13
[(0.5448276, 0.49, 0.765625), (0.49593496, 0.44444445, 0.78431374)] [1.0, 0.0, 0.0, 0.0, 0.0, 1.0, 0.0, 1.0]
2.8634836500000125e-11
[(0.4827586, 0.51, 0.67105263), (0.5121951, 0.5555556, 0.71428573)] [1.0, 0.0, 0.0, 0.0, 0.0, 1.0, 1.0, 0.0]
4.339506150000019e-11
[(0.46896553, 0.46, 0.6666667), (0.4390244, 0.42222223, 0.6909091)] [1.0, 0.0, 0.0, 0.0, 0.0, 1.0, 1.0, 1.0]
1.403106988500005e-09
[(0.44827586, 0.42, 0.6666667), (0.4796748, 0.51111114, 0.7076923)] [1.0, 0.0, 0.0, 0.0, 1.0, 0.0, 0.0, 0.0]
8.856135000000046e-13
[(0.46206897, 0.51, 0.65384614), (0.45528457, 0.45555556, 0.69491524)] [1.0, 0.0, 0.0, 0.0, 1.0, 0.0, 0.0, 1.0]
2.8634836500000125e-11
[(0.46896553, 0.46, 0.6764706), (0.5365854, 0.5555556, 0.74626863)] [1.0, 0.0, 0.0, 0.0, 1.0, 0.0, 1.0, 0.0]
4.339506150000019e-11
[(0.45517242, 0.45, 0.67164177), (0.4715447, 0.45555556, 0.73214287)] [1.0, 0.0, 0.0, 0.0, 1.0, 0.0, 1.0, 1.0]
1.403106988500005e-09
[(0.55172414, 0.63, 0.7), (0.49593496, 0.47777778, 0.7413793)] [1.0, 0.0, 0.0, 0.0, 1.0, 1.0, 0.0, 0.0]
5.815528650000025e-11
[(0.5862069, 0.59, 0.76623374), (0.52845526, 0.54444444, 0.74242425)] [1.0, 0.0, 0.0, 0.0, 1.0, 1.0, 0.0, 1.0]
1.8803542635000063e-09
[(0.49655172, 0.51, 0.6891892), (0.49593496, 0.5, 0.7258065)] [1.0, 0.0, 0.0, 0.0, 1.0, 1.0, 1.0, 0.0]
2.84960903850001e-09
[(0.44827586, 0.49, 0.6447368), (0.52845526, 0.54444444, 0.75384617)] [1.0, 0.0, 0.0, 0.0, 1.0, 1.0, 1.0, 1.0]
9.213735891150024e-08
[(0.55172414, 0.53, 0.74647886), (0.4878049, 0.4888889, 0.72131145)] [1.0, 0.0, 0.0, 1.0, 0.0, 0.0, 0.0, 0.0]
1.3351635000000072e-12
[(0.46896553, 0.51, 0.6455696), (0.49593496, 0.4888889, 0.7457627)] [1.0, 0.0, 0.0, 1.0, 0.0, 0.0, 0.0, 1.0]
4.317028650000019e-11
[(0.47586206, 0.49, 0.6621622), (0.55284554, 0.5888889, 0.75714284)] [1.0, 0.0, 0.0, 1.0, 0.0, 0.0, 1.0, 0.0]
6.54230115000003e-11
[(0.5448276, 0.58, 0.70731705), (0.4796748, 0.51111114, 0.6969697)] [1.0, 0.0, 0.0, 1.0, 0.0, 0.0, 1.0, 1.0]
2.1153440385000077e-09
[(0.51724136, 0.53, 0.70666665), (0.54471546, 0.5777778, 0.74285716)] [1.0, 0.0, 0.0, 1.0, 0.0, 1.0, 0.0, 0.0]
8.767573650000038e-11
[(0.537931, 0.52, 0.74285716), (0.44715446, 0.42222223, 0.7169811)] [1.0, 0.0, 0.0, 1.0, 0.0, 1.0, 0.0, 1.0]
2.83484881350001e-09
[(0.47586206, 0.46, 0.6969697), (0.4796748, 0.41111112, 0.7708333)] [1.0, 0.0, 0.0, 1.0, 0.0, 1.0, 1.0, 0.0]
4.296111088500015e-09
[(0.537931, 0.56, 0.71794873), (0.5121951, 0.51111114, 0.75409836)] [1.0, 0.0, 0.0, 1.0, 0.0, 1.0, 1.0, 1.0]
1.3890759186150034e-07
[(0.45517242, 0.5, 0.64935064), (0.4796748, 0.51111114, 0.7076923)] [1.0, 0.0, 0.0, 1.0, 1.0, 0.0, 0.0, 0.0]
8.767573650000038e-11
[(0.53103447, 0.53, 0.72602737), (0.5691057, 0.5888889, 0.7794118)] [1.0, 0.0, 0.0, 1.0, 1.0, 0.0, 0.0, 1.0]
2.83484881350001e-09
[(0.50344825, 0.45, 0.73770493), (0.42276424, 0.43333334, 0.67241377)] [1.0, 0.0, 0.0, 1.0, 1.0, 0.0, 1.0, 0.0]
4.296111088500015e-09
[(0.50344825, 0.55, 0.6707317), (0.52845526, 0.5222222, 0.7580645)] [1.0, 0.0, 0.0, 1.0, 1.0, 0.0, 1.0, 1.0]
1.3890759186150034e-07
[(0.5448276, 0.54, 0.739726), (0.54471546, 0.5777778, 0.74285716)] [1.0, 0.0, 0.0, 1.0, 1.0, 1.0, 0.0, 0.0]
5.75737336350002e-09
[(0.46206897, 0.5, 0.65789473), (0.5609756, 0.5555556, 0.7936508)] [1.0, 0.0, 0.0, 1.0, 1.0, 1.0, 0.0, 1.0]
1.8615507208650047e-07
[(0.4827586, 0.55, 0.6547619), (0.5121951, 0.5555556, 0.71428573)] [1.0, 0.0, 0.0, 1.0, 1.0, 1.0, 1.0, 0.0]
2.821112948115007e-07
[(0.46206897, 0.41, 0.70689654), (0.4715447, 0.47777778, 0.71666664)] [1.0, 0.0, 0.0, 1.0, 1.0, 1.0, 1.0, 1.0]
9.121598532238515e-06
[(0.46896553, 0.47, 0.67142856), (0.5934959, 0.6, 0.7941176)] [1.0, 0.0, 1.0, 0.0, 0.0, 0.0, 0.0, 0.0]
2.683813500000014e-12
[(0.47586206, 0.46, 0.6969697), (0.4878049, 0.44444445, 0.754717)] [1.0, 0.0, 1.0, 0.0, 0.0, 0.0, 0.0, 1.0]
8.677663650000038e-11
[(0.50344825, 0.52, 0.7027027), (0.44715446, 0.44444445, 0.7017544)] [1.0, 0.0, 1.0, 0.0, 0.0, 0.0, 1.0, 0.0]
1.3150686150000058e-10
[(0.5103448, 0.47, 0.72307694), (0.46341464, 0.4888889, 0.6984127)] [1.0, 0.0, 1.0, 0.0, 0.0, 0.0, 1.0, 1.0]
4.252055188500015e-09
[(0.4413793, 0.47, 0.62666667), (0.4715447, 0.45555556, 0.73214287)] [1.0, 0.0, 1.0, 0.0, 0.0, 1.0, 0.0, 0.0]
1.7623708650000079e-10
[(0.49655172, 0.53, 0.67948717), (0.55284554, 0.54444444, 0.7777778)] [1.0, 0.0, 1.0, 0.0, 0.0, 1.0, 0.0, 1.0]
5.69833246350002e-09
[(0.48965517, 0.48, 0.6956522), (0.4715447, 0.47777778, 0.704918)] [1.0, 0.0, 1.0, 0.0, 0.0, 1.0, 1.0, 0.0]
8.63561723850003e-09
[(0.56551725, 0.55, 0.7638889), (0.50406504, 0.53333336, 0.7164179)] [1.0, 0.0, 1.0, 0.0, 0.0, 1.0, 1.0, 1.0]
2.7921829071150077e-07
[(0.5241379, 0.53, 0.70666665), (0.5121951, 0.47777778, 0.7818182)] [1.0, 0.0, 1.0, 0.0, 1.0, 0.0, 0.0, 0.0]
1.7623708650000079e-10
[(0.48965517, 0.49, 0.7), (0.5121951, 0.53333336, 0.72727275)] [1.0, 0.0, 1.0, 0.0, 1.0, 0.0, 0.0, 1.0]
5.69833246350002e-09
[(0.53103447, 0.51, 0.73913044), (0.5365854, 0.53333336, 0.7619048)] [1.0, 0.0, 1.0, 0.0, 1.0, 0.0, 1.0, 0.0]
8.63561723850003e-09
[(0.5241379, 0.54, 0.7105263), (0.4715447, 0.43333334, 0.7358491)] [1.0, 0.0, 1.0, 0.0, 1.0, 0.0, 1.0, 1.0]
2.7921829071150077e-07
[(0.47586206, 0.51, 0.65384614), (0.54471546, 0.5777778, 0.74285716)] [1.0, 0.0, 1.0, 0.0, 1.0, 1.0, 0.0, 0.0]
1.1572902013500042e-08
[(0.49655172, 0.51, 0.6891892), (0.50406504, 0.5, 0.73770493)] [1.0, 0.0, 1.0, 0.0, 1.0, 1.0, 0.0, 1.0]
3.74190498436501e-07
[(0.44827586, 0.47, 0.6527778), (0.46341464, 0.46666667, 0.7)] [1.0, 0.0, 1.0, 0.0, 1.0, 1.0, 1.0, 0.0]
5.670721986615015e-07
[(0.49655172, 0.44, 0.72131145), (0.4878049, 0.4888889, 0.73333335)] [1.0, 0.0, 1.0, 0.0, 1.0, 1.0, 1.0, 1.0]
1.833533442338853e-05
[(0.5448276, 0.57, 0.7125), (0.5609756, 0.54444444, 0.7903226)] [1.0, 0.0, 1.0, 1.0, 0.0, 0.0, 0.0, 0.0]
2.656975365000012e-10
[(0.48965517, 0.46, 0.7076923), (0.5203252, 0.47777778, 0.7818182)] [1.0, 0.0, 1.0, 1.0, 0.0, 0.0, 0.0, 1.0]
8.59088701350003e-09
[(0.46206897, 0.44, 0.6769231), (0.5121951, 0.45555556, 0.8039216)] [1.0, 0.0, 1.0, 1.0, 0.0, 0.0, 1.0, 0.0]
1.3019179288500047e-08
[(0.50344825, 0.56, 0.6666667), (0.50406504, 0.53333336, 0.72727275)] [1.0, 0.0, 1.0, 1.0, 0.0, 0.0, 1.0, 1.0]
4.2095346366150116e-07
[(0.49655172, 0.5, 0.70422536), (0.46341464, 0.45555556, 0.70689654)] [1.0, 0.0, 1.0, 1.0, 0.0, 1.0, 0.0, 0.0]
1.7447471563500065e-08
[(0.44827586, 0.49, 0.6447368), (0.46341464, 0.5, 0.6818182)] [1.0, 0.0, 1.0, 1.0, 0.0, 1.0, 0.0, 1.0]
5.641349138865016e-07
[(0.49655172, 0.48, 0.6956522), (0.4796748, 0.51111114, 0.6969697)] [1.0, 0.0, 1.0, 1.0, 0.0, 1.0, 1.0, 0.0]
8.549261066115024e-07
[(0.46896553, 0.41, 0.70689654), (0.52845526, 0.56666666, 0.7285714)] [1.0, 0.0, 1.0, 1.0, 0.0, 1.0, 1.0, 1.0]
2.7642610780438552e-05
[(0.47586206, 0.47, 0.68115944), (0.4390244, 0.43333334, 0.68421054)] [1.0, 0.0, 1.0, 1.0, 1.0, 0.0, 0.0, 0.0]
1.7447471563500065e-08
[(0.6137931, 0.6, 0.8108108), (0.5691057, 0.5777778, 0.7878788)] [1.0, 0.0, 1.0, 1.0, 1.0, 0.0, 0.0, 1.0]
5.641349138865016e-07
[(0.44827586, 0.45, 0.65217394), (0.4878049, 0.5, 0.7258065)] [1.0, 0.0, 1.0, 1.0, 1.0, 0.0, 1.0, 0.0]
8.549261066115023e-07
[(0.50344825, 0.53, 0.67948717), (0.5203252, 0.56666666, 0.7183099)] [1.0, 0.0, 1.0, 1.0, 1.0, 0.0, 1.0, 1.0]
2.764261078043855e-05
[(0.5448276, 0.52, 0.7647059), (0.44715446, 0.45555556, 0.69491524)] [1.0, 0.0, 1.0, 1.0, 1.0, 1.0, 0.0, 0.0]
1.145717299336503e-06
[(0.46896553, 0.51, 0.65384614), (0.5365854, 0.56666666, 0.75)] [1.0, 0.0, 1.0, 1.0, 1.0, 1.0, 0.0, 1.0]
3.7044859345213566e-05
[(0.49655172, 0.51, 0.69863015), (0.54471546, 0.5777778, 0.7536232)] [1.0, 0.0, 1.0, 1.0, 1.0, 1.0, 1.0, 0.0]
5.61401476674886e-05
[(0.537931, 0.53, 0.7361111), (0.5121951, 0.5222222, 0.734375)] [1.0, 0.0, 1.0, 1.0, 1.0, 1.0, 1.0, 1.0]
0.001815198107915463
[(0.5103448, 0.49, 0.71014494), (0.52845526, 0.53333336, 0.75)] [1.0, 1.0, 0.0, 0.0, 0.0, 0.0, 0.0, 0.0]
6.729763500000036e-12
[(0.43448275, 0.44, 0.6376812), (0.44715446, 0.4888889, 0.6769231)] [1.0, 1.0, 0.0, 0.0, 0.0, 0.0, 0.0, 1.0]
2.1759568650000096e-10
[(0.5103448, 0.52, 0.7123288), (0.5691057, 0.53333336, 0.82758623)] [1.0, 1.0, 0.0, 0.0, 0.0, 0.0, 1.0, 0.0]
3.2975841150000147e-10
[(0.5103448, 0.51, 0.7083333), (0.4878049, 0.4888889, 0.72131145)] [1.0, 1.0, 0.0, 0.0, 0.0, 0.0, 1.0, 1.0]
1.0662188638500037e-08
[(0.51724136, 0.56, 0.69135803), (0.54471546, 0.5222222, 0.7966102)] [1.0, 1.0, 0.0, 0.0, 0.0, 1.0, 0.0, 0.0]
4.41921136500002e-10
[(0.51724136, 0.53, 0.7162162), (0.4715447, 0.46666667, 0.7241379)] [1.0, 1.0, 0.0, 0.0, 0.0, 1.0, 0.0, 1.0]
1.4288783413500051e-08
[(0.51724136, 0.52, 0.7027027), (0.49593496, 0.5222222, 0.72307694)] [1.0, 1.0, 0.0, 0.0, 0.0, 1.0, 1.0, 0.0]
2.165413568850008e-08
[(0.48965517, 0.52, 0.6753247), (0.40650406, 0.41111112, 0.64912283)] [1.0, 1.0, 0.0, 0.0, 0.0, 1.0, 1.0, 1.0]
7.00150387261502e-07
[(0.5103448, 0.55, 0.6962025), (0.4715447, 0.5, 0.6923077)] [1.0, 1.0, 0.0, 0.0, 1.0, 0.0, 0.0, 0.0]
4.4192113650000193e-10
[(0.48965517, 0.52, 0.6666667), (0.4878049, 0.5222222, 0.7121212)] [1.0, 1.0, 0.0, 0.0, 1.0, 0.0, 0.0, 1.0]
1.428878341350005e-08
[(0.48965517, 0.51, 0.68), (0.5609756, 0.5888889, 0.75714284)] [1.0, 1.0, 0.0, 0.0, 1.0, 0.0, 1.0, 0.0]
2.1654135688500077e-08
[(0.3862069, 0.4, 0.5882353), (0.45528457, 0.45555556, 0.69491524)] [1.0, 1.0, 0.0, 0.0, 1.0, 0.0, 1.0, 1.0]
7.001503872615018e-07
[(0.4275862, 0.45, 0.625), (0.50406504, 0.5555556, 0.71428573)] [1.0, 1.0, 0.0, 0.0, 1.0, 1.0, 0.0, 0.0]
2.90194879635001e-08
[(0.43448275, 0.41, 0.640625), (0.43089432, 0.44444445, 0.6779661)] [1.0, 1.0, 0.0, 0.0, 1.0, 1.0, 0.0, 1.0]
9.382967774865023e-07
[(0.49655172, 0.51, 0.6891892), (0.4878049, 0.47777778, 0.7288136)] [1.0, 1.0, 0.0, 0.0, 1.0, 1.0, 1.0, 0.0]
1.4219549102115035e-06
[(0.537931, 0.52, 0.73239434), (0.52845526, 0.5222222, 0.7704918)] [1.0, 1.0, 0.0, 0.0, 1.0, 1.0, 1.0, 1.0]
4.597654209683857e-05
[(0.47586206, 0.47, 0.67142856), (0.44715446, 0.47777778, 0.671875)] [1.0, 1.0, 0.0, 1.0, 0.0, 0.0, 0.0, 0.0]
6.66246586500003e-10
[(0.79310346, 0.96, 0.78688526), (0.83739835, 1.0, 0.82568806)] [1.0, 1.0, 0.0, 1.0, 0.0, 0.0, 0.0, 1.0]
2.1541972963500076e-08
[(0.87586206, 0.99, 0.8684211), (0.902439, 1.0, 0.8910891)] [1.0, 1.0, 0.0, 1.0, 0.0, 0.0, 1.0, 0.0]
3.2646082738500114e-08
[(0.9034483, 0.99, 0.9), (0.93495935, 1.0, 0.92783505)] [1.0, 1.0, 0.0, 1.0, 0.0, 0.0, 1.0, 1.0]
1.0555566752115028e-06
[(0.737931, 0.82, 0.8118812), (0.8211382, 0.93333334, 0.8484849)] [1.0, 1.0, 0.0, 1.0, 0.0, 1.0, 0.0, 0.0]
4.375019251350016e-08
[(0.82758623, 0.89, 0.872549), (0.8943089, 0.96666664, 0.90625)] [1.0, 1.0, 0.0, 1.0, 0.0, 1.0, 0.0, 1.0]
1.4145895579365037e-06
[(0.9034483, 0.95, 0.9223301), (0.93495935, 0.98888886, 0.9368421)] [1.0, 1.0, 0.0, 1.0, 0.0, 1.0, 1.0, 0.0]
2.1437594331615053e-06
[(0.9310345, 0.97, 0.94174755), (0.9430894, 0.98888886, 0.9468085)] [1.0, 1.0, 0.0, 1.0, 0.0, 1.0, 1.0, 1.0]
6.931488833888861e-05
[(0.5241379, 0.51, 0.7285714), (0.5365854, 0.54444444, 0.765625)] [1.0, 1.0, 0.0, 1.0, 1.0, 0.0, 0.0, 0.0]
4.375019251350016e-08
[(0.79310346, 0.96, 0.78688526), (0.83739835, 1.0, 0.82568806)] [1.0, 1.0, 0.0, 1.0, 1.0, 0.0, 0.0, 1.0]
1.4145895579365037e-06
[(0.87586206, 0.99, 0.8684211), (0.902439, 1.0, 0.8910891)] [1.0, 1.0, 0.0, 1.0, 1.0, 0.0, 1.0, 0.0]
2.1437594331615053e-06
[(0.9034483, 0.99, 0.9), (0.93495935, 1.0, 0.92783505)] [1.0, 1.0, 0.0, 1.0, 1.0, 0.0, 1.0, 1.0]
6.931488833888861e-05
[(0.737931, 0.82, 0.8118812), (0.8211382, 0.93333334, 0.8484849)] [1.0, 1.0, 0.0, 1.0, 1.0, 1.0, 0.0, 0.0]
2.8729293083865067e-06
[(0.82758623, 0.89, 0.872549), (0.8943089, 0.96666664, 0.90625)] [1.0, 1.0, 0.0, 1.0, 1.0, 1.0, 0.0, 1.0]
9.289138097116364e-05
[(0.9034483, 0.95, 0.9223301), (0.93495935, 0.98888886, 0.9368421)] [1.0, 1.0, 0.0, 1.0, 1.0, 1.0, 1.0, 0.0]
0.0001407735361109387
[(0.9310345, 0.97, 0.94174755), (0.9430894, 0.98888886, 0.9468085)] [1.0, 1.0, 0.0, 1.0, 1.0, 1.0, 1.0, 1.0]
0.004551677667587014
[(0.44827586, 0.46, 0.6388889), (0.50406504, 0.53333336, 0.72727275)] [1.0, 1.0, 1.0, 0.0, 0.0, 0.0, 0.0, 0.0]
1.339222936500006e-09
[(0.47586206, 0.45, 0.6818182), (0.52845526, 0.5222222, 0.7580645)] [1.0, 1.0, 1.0, 0.0, 0.0, 0.0, 0.0, 1.0]
4.330154161350015e-08
[(0.45517242, 0.42, 0.6885246), (0.49593496, 0.5222222, 0.72307694)] [1.0, 1.0, 1.0, 0.0, 0.0, 0.0, 1.0, 0.0]
6.562192388850023e-08
[(0.4827586, 0.49, 0.6712329), (0.52845526, 0.5, 0.7758621)] [1.0, 1.0, 1.0, 0.0, 0.0, 0.0, 1.0, 1.0]
2.1217755390615057e-06
[(0.46206897, 0.44, 0.6769231), (0.50406504, 0.51111114, 0.7419355)] [1.0, 1.0, 1.0, 0.0, 0.0, 1.0, 0.0, 0.0]
8.79423061635003e-08
[(0.51724136, 0.51, 0.7183099), (0.41463414, 0.43333334, 0.65)] [1.0, 1.0, 1.0, 0.0, 0.0, 1.0, 0.0, 1.0]
2.8434678992865073e-06
[(0.49655172, 0.48, 0.7058824), (0.5203252, 0.51111114, 0.75409836)] [1.0, 1.0, 1.0, 0.0, 0.0, 1.0, 1.0, 0.0]
4.3091730020115115e-06
[(0.53103447, 0.52, 0.73239434), (0.4878049, 0.51111114, 0.71875)] [1.0, 1.0, 1.0, 0.0, 0.0, 1.0, 1.0, 1.0]
0.00013932992706503874
[(0.8413793, 0.88, 0.8888889), (0.86178863, 0.9444444, 0.87628865)] [1.0, 1.0, 1.0, 0.0, 1.0, 0.0, 0.0, 0.0]
8.79423061635003e-08
[(0.8413793, 0.88, 0.8888889), (0.86178863, 0.9444444, 0.87628865)] [1.0, 1.0, 1.0, 0.0, 1.0, 0.0, 0.0, 1.0]
2.8434678992865073e-06
[(0.8413793, 0.88, 0.8888889), (0.86178863, 0.9444444, 0.87628865)] [1.0, 1.0, 1.0, 0.0, 1.0, 0.0, 1.0, 0.0]
4.3091730020115115e-06
[(0.8413793, 0.88, 0.8888889), (0.86178863, 0.9444444, 0.87628865)] [1.0, 1.0, 1.0, 0.0, 1.0, 0.0, 1.0, 1.0]
0.00013932992706503874
[(0.8413793, 0.88, 0.8888889), (0.86178863, 0.9444444, 0.87628865)] [1.0, 1.0, 1.0, 0.0, 1.0, 1.0, 0.0, 0.0]
5.774878104736515e-06
[(0.8413793, 0.88, 0.8888889), (0.86178863, 0.9444444, 0.87628865)] [1.0, 1.0, 1.0, 0.0, 1.0, 1.0, 0.0, 1.0]
0.0001867210587198138
[(0.8413793, 0.88, 0.8888889), (0.86178863, 0.9444444, 0.87628865)] [1.0, 1.0, 1.0, 0.0, 1.0, 1.0, 1.0, 0.0]
0.00028296902713208894
[(0.8413793, 0.88, 0.8888889), (0.86178863, 0.9444444, 0.87628865)] [1.0, 1.0, 1.0, 0.0, 1.0, 1.0, 1.0, 1.0]
0.009149331877270867
[(0.4827586, 0.47, 0.68115944), (0.49593496, 0.56666666, 0.6891892)] [1.0, 1.0, 1.0, 1.0, 0.0, 0.0, 0.0, 0.0]
1.3258307071350046e-07
[(0.79310346, 0.96, 0.78688526), (0.83739835, 1.0, 0.82568806)] [1.0, 1.0, 1.0, 1.0, 0.0, 0.0, 0.0, 1.0]
4.286852619736511e-06
[(0.87586206, 0.99, 0.8684211), (0.902439, 1.0, 0.8910891)] [1.0, 1.0, 1.0, 1.0, 0.0, 0.0, 1.0, 0.0]
6.496570464961517e-06
[(0.9034483, 0.99, 0.9), (0.93495935, 1.0, 0.92783505)] [1.0, 1.0, 1.0, 1.0, 0.0, 0.0, 1.0, 1.0]
0.00021005577836708886
[(0.737931, 0.82, 0.8118812), (0.8211382, 0.93333334, 0.8484849)] [1.0, 1.0, 1.0, 1.0, 0.0, 1.0, 0.0, 0.0]
8.706288310186522e-06
[(0.82758623, 0.89, 0.872549), (0.8943089, 0.96666664, 0.90625)] [1.0, 1.0, 1.0, 1.0, 0.0, 1.0, 0.0, 1.0]
0.00028150332202936395
[(0.9034483, 0.95, 0.9223301), (0.93495935, 0.98888886, 0.9368421)] [1.0, 1.0, 1.0, 1.0, 0.0, 1.0, 1.0, 0.0]
0.0004266081271991392
[(0.9310345, 0.97, 0.94174755), (0.9430894, 0.98888886, 0.9468085)] [1.0, 1.0, 1.0, 1.0, 0.0, 1.0, 1.0, 1.0]
0.013793662779438822
[(0.8413793, 0.88, 0.8888889), (0.86178863, 0.9444444, 0.87628865)] [1.0, 1.0, 1.0, 1.0, 1.0, 0.0, 0.0, 0.0]
8.706288310186524e-06
[(0.8896552, 0.91, 0.9285714), (0.902439, 0.96666664, 0.90625)] [1.0, 1.0, 1.0, 1.0, 1.0, 0.0, 0.0, 1.0]
0.000281503322029364
[(0.9517241, 0.97, 0.97), (0.9512195, 0.95555556, 0.9885057)] [1.0, 1.0, 1.0, 1.0, 1.0, 0.0, 1.0, 0.0]
0.0004266081271991393
[(0.95862067, 0.98, 0.97029704), (0.9756098, 0.98888886, 0.98888886)] [1.0, 1.0, 1.0, 1.0, 1.0, 0.0, 1.0, 1.0]
0.013793662779438824
[(0.8551724, 0.86, 0.9247312), (0.93495935, 0.96666664, 0.9456522)] [1.0, 1.0, 1.0, 1.0, 1.0, 1.0, 0.0, 0.0]
0.0005717129323689144
[(0.8965517, 0.9, 0.94736844), (0.9430894, 0.98888886, 0.9468085)] [1.0, 1.0, 1.0, 1.0, 1.0, 1.0, 0.0, 1.0]
0.018485384813261552
[(0.95862067, 0.97, 0.97979796), (0.9593496, 0.96666664, 0.9886364)] [1.0, 1.0, 1.0, 1.0, 1.0, 1.0, 1.0, 0.0]
0.028013933686076783
[(0.9724138, 0.99, 0.980198), (0.9756098, 0.98888886, 0.98888886)] [1.0, 1.0, 1.0, 1.0, 1.0, 1.0, 1.0, 1.0]
0.9057838558498152
Results for Validation Test:
Average Accuracy: 0.9667317125293898
Average Recall: 0.9845416294364926
Average Precision: 0.9768448255884917
Results for Holdout Test:
Average Accuracy: 0.9712262738776125
Average Recall: 0.9862800456529934
Average Precision: 0.9852867717727412
